C:\Program Files (x86)\MSBuild\Microsoft.Cpp\v4.0\V140\Microsoft.CppBuild.targets(392,5): warning MSB8028: The intermediate directory (Debug\) contains files shared from another project (SFML13HUB.vcxproj, SFML14HUB.vcxproj, SFML15HUB.vcxproj, SFML16HUB.vcxproj).  This can lead to incorrect clean and rebuild behavior.
  GlobalFunctionMissiom.cpp
c:\users\евгений\documents\c++\program\1 vs\sfml learning\sfml17hub\globalfunctionmissiom.cpp(89): warning C4018: <: несоответствие типов со знаком и без знака
c:\users\евгений\documents\c++\program\1 vs\sfml learning\sfml17hub\globalfunctionmissiom.cpp(104): warning C4018: <: несоответствие типов со знаком и без знака
c:\users\евгений\documents\c++\program\1 vs\sfml learning\sfml17hub\globalfunctionmissiom.cpp(122): warning C4018: <: несоответствие типов со знаком и без знака
c:\users\евгений\documents\c++\program\1 vs\sfml learning\sfml17hub\globalfunctionmissiom.cpp(139): warning C4018: <: несоответствие типов со знаком и без знака
c:\users\евгений\documents\c++\program\1 vs\sfml learning\sfml17hub\globalfunctionmissiom.cpp(155): warning C4018: >: несоответствие типов со знаком и без знака
c:\users\евгений\documents\c++\program\1 vs\sfml learning\sfml17hub\globalfunctionmissiom.cpp(157): warning C4244: аргумент: преобразование "double" в "float", возможна потеря данных
c:\users\евгений\documents\c++\program\1 vs\sfml learning\sfml17hub\globalfunctionmissiom.cpp(160): warning C4244: аргумент: преобразование "double" в "float", возможна потеря данных
c:\users\евгений\documents\c++\program\1 vs\sfml learning\sfml17hub\globalfunctionmissiom.cpp(165): warning C4018: >: несоответствие типов со знаком и без знака
c:\users\евгений\documents\c++\program\1 vs\sfml learning\sfml17hub\globalfunctionmissiom.cpp(167): warning C4244: аргумент: преобразование "double" в "float", возможна потеря данных
c:\users\евгений\documents\c++\program\1 vs\sfml learning\sfml17hub\globalfunctionmissiom.cpp(170): warning C4244: аргумент: преобразование "double" в "float", возможна потеря данных
c:\users\евгений\documents\c++\program\1 vs\sfml learning\sfml17hub\globalfunctionmissiom.cpp(176): warning C4244: аргумент: преобразование "double" в "float", возможна потеря данных
c:\users\евгений\documents\c++\program\1 vs\sfml learning\sfml17hub\globalfunctionmissiom.cpp(179): warning C4244: аргумент: преобразование "double" в "float", возможна потеря данных
c:\users\евгений\documents\c++\program\1 vs\sfml learning\sfml17hub\globalfunctionmissiom.cpp(186): warning C4244: аргумент: преобразование "double" в "float", возможна потеря данных
c:\users\евгений\documents\c++\program\1 vs\sfml learning\sfml17hub\globalfunctionmissiom.cpp(189): warning C4244: аргумент: преобразование "double" в "float", возможна потеря данных
c:\users\евгений\documents\c++\program\1 vs\sfml learning\sfml17hub\globalfunctionmissiom.cpp(198): warning C4244: =: преобразование "double" в "int", возможна потеря данных
c:\users\евгений\documents\c++\program\1 vs\sfml learning\sfml17hub\globalfunctionmissiom.cpp(213): warning C4244: =: преобразование "double" в "int", возможна потеря данных
c:\users\евгений\documents\c++\program\1 vs\sfml learning\sfml17hub\globalfunctionmissiom.cpp(265): warning C4018: <: несоответствие типов со знаком и без знака
c:\users\евгений\documents\c++\program\1 vs\sfml learning\sfml17hub\globalfunctionmissiom.cpp(268): warning C4244: аргумент: преобразование "float" в "int", возможна потеря данных
c:\users\евгений\documents\c++\program\1 vs\sfml learning\sfml17hub\globalfunctionmissiom.cpp(286): warning C4018: <: несоответствие типов со знаком и без знака
c:\users\евгений\documents\c++\program\1 vs\sfml learning\sfml17hub\globalfunctionmissiom.cpp(288): warning C4018: <: несоответствие типов со знаком и без знака
c:\users\евгений\documents\c++\program\1 vs\sfml learning\sfml17hub\globalfunctionmissiom.cpp(290): warning C4244: =: преобразование "int" в "float", возможна потеря данных
c:\users\евгений\documents\c++\program\1 vs\sfml learning\sfml17hub\globalfunctionmissiom.cpp(291): warning C4244: =: преобразование "int" в "float", возможна потеря данных
c:\users\евгений\documents\c++\program\1 vs\sfml learning\sfml17hub\globalfunctionmissiom.cpp(313): warning C4018: <: несоответствие типов со знаком и без знака
c:\users\евгений\documents\c++\program\1 vs\sfml learning\sfml17hub\globalfunctionmissiom.cpp(315): warning C4018: <: несоответствие типов со знаком и без знака
c:\users\евгений\documents\c++\program\1 vs\sfml learning\sfml17hub\globalfunctionmissiom.cpp(378): warning C4018: <: несоответствие типов со знаком и без знака
c:\users\евгений\documents\c++\program\1 vs\sfml learning\sfml17hub\globalfunctionmissiom.cpp(384): warning C4018: <: несоответствие типов со знаком и без знака
c:\users\евгений\documents\c++\program\1 vs\sfml learning\sfml17hub\globalfunctionmissiom.cpp(399): warning C4018: <: несоответствие типов со знаком и без знака
c:\users\евгений\documents\c++\program\1 vs\sfml learning\sfml17hub\globalfunctionmissiom.cpp(486): warning C4244: аргумент: преобразование "int" в "float", возможна потеря данных
c:\users\евгений\documents\c++\program\1 vs\sfml learning\sfml17hub\globalfunctionmissiom.cpp(499): warning C4244: аргумент: преобразование "int" в "float", возможна потеря данных
c:\users\евгений\documents\c++\program\1 vs\sfml learning\sfml17hub\globalfunctionmissiom.cpp(515): warning C4018: <: несоответствие типов со знаком и без знака
c:\users\евгений\documents\c++\program\1 vs\sfml learning\sfml17hub\globalfunctionmissiom.cpp(522): warning C4244: аргумент: преобразование "float" в "int", возможна потеря данных
c:\users\евгений\documents\c++\program\1 vs\sfml learning\sfml17hub\globalfunctionmissiom.cpp(529): warning C4018: <: несоответствие типов со знаком и без знака
c:\users\евгений\documents\c++\program\1 vs\sfml learning\sfml17hub\globalfunctionmissiom.cpp(536): warning C4244: аргумент: преобразование "float" в "int", возможна потеря данных
c:\users\евгений\documents\c++\program\1 vs\sfml learning\sfml17hub\globalfunctionmissiom.cpp(541): warning C4018: <: несоответствие типов со знаком и без знака
c:\users\евгений\documents\c++\program\1 vs\sfml learning\sfml17hub\globalfunctionmissiom.cpp(546): warning C4018: <: несоответствие типов со знаком и без знака
c:\users\евгений\documents\c++\program\1 vs\sfml learning\sfml17hub\globalfunctionmissiom.cpp(552): warning C4018: <: несоответствие типов со знаком и без знака
c:\users\евгений\documents\c++\program\1 vs\sfml learning\sfml17hub\globalfunctionmissiom.cpp(557): warning C4018: <: несоответствие типов со знаком и без знака
  ClassUnit.cpp
c:\users\евгений\documents\c++\program\1 vs\sfml learning\sfml17hub\classunit.cpp(13): warning C4305: =: усечение из "double" к "float"
c:\users\евгений\documents\c++\program\1 vs\sfml learning\sfml17hub\classunit.cpp(14): warning C4305: =: усечение из "double" к "float"
c:\users\евгений\documents\c++\program\1 vs\sfml learning\sfml17hub\classunit.cpp(46): warning C4244: =: преобразование "float" в "int", возможна потеря данных
c:\users\евгений\documents\c++\program\1 vs\sfml learning\sfml17hub\classunit.cpp(47): warning C4244: =: преобразование "float" в "int", возможна потеря данных
c:\users\евгений\documents\c++\program\1 vs\sfml learning\sfml17hub\classunit.cpp(68): warning C4244: аргумент: преобразование "float" в "int", возможна потеря данных
c:\users\евгений\documents\c++\program\1 vs\sfml learning\sfml17hub\classunit.cpp(100): warning C4244: аргумент: преобразование "float" в "int", возможна потеря данных
c:\users\евгений\documents\c++\program\1 vs\sfml learning\sfml17hub\classunit.cpp(121): warning C4244: аргумент: преобразование "float" в "int", возможна потеря данных
c:\users\евгений\documents\c++\program\1 vs\sfml learning\sfml17hub\classunit.cpp(146): warning C4244: аргумент: преобразование "float" в "int", возможна потеря данных
c:\users\евгений\documents\c++\program\1 vs\sfml learning\sfml17hub\classunit.cpp(151): warning C4244: аргумент: преобразование "float" в "int", возможна потеря данных
c:\users\евгений\documents\c++\program\1 vs\sfml learning\sfml17hub\classunit.cpp(167): warning C4244: аргумент: преобразование "float" в "int", возможна потеря данных
c:\users\евгений\documents\c++\program\1 vs\sfml learning\sfml17hub\classunit.cpp(205): warning C4244: =: преобразование "float" в "int", возможна потеря данных
  Создание кода...
c:\users\евгений\documents\c++\program\1 vs\sfml learning\sfml17hub\globalfunctionmissiom.cpp(612): warning C4715: Generation_Rand_name: значение возвращается не при всех путях выполнения
  SFML17HUB.vcxproj -> C:\Users\Евгений\Documents\c++\program\1 VS\SFML learning\Debug\SFML17HUB.exe
  SFML17HUB.vcxproj -> C:\Users\Евгений\Documents\c++\program\1 VS\SFML learning\Debug\SFML17HUB.pdb (Partial PDB)
