C:\Program Files (x86)\MSBuild\Microsoft.Cpp\v4.0\V140\Microsoft.CppBuild.targets(392,5): warning MSB8028: The intermediate directory (Debug\) contains files shared from another project (SFML13HUB.vcxproj, SFML14HUB.vcxproj, SFML15HUB.vcxproj, SFML16HUB.vcxproj, SFML17HUB.vcxproj, SFML18HUB.vcxproj, SFML19HUB.vcxproj, SFML20HUB.vcxproj, SFML21HUB.vcxproj, SFML22HUB.vcxproj, SFML23HUB.vcxproj, SFML24HUB.vcxproj, SFML25HUB.vcxproj, SFML26HUB.vcxproj, SFML27HUB.vcxproj, SFML28HUB.vcxproj, SFML29HUB.vcxproj, SFML30HUB.vcxproj, SFML31HUB.vcxproj, SFML32HUB.vcxproj, SFML33HUB.vcxproj, SFML34HUB.vcxproj, SFML35HUB.vcxproj, SFML36HUB.vcxproj, SFML37HUB.vcxproj, SFML38HUB.vcxproj, SFML39HUB.vcxproj, SFML40HUB.vcxproj).  This can lead to incorrect clean and rebuild behavior.
  Mission.cpp
c:\users\arsen\documents\visual studio 2015\projects\sfml41hub\src\mission.cpp(50): warning C4244: 'argument': conversion from 'double' to 'float', possible loss of data
  Interface.cpp
c:\users\arsen\documents\visual studio 2015\projects\sfml41hub\src\interface.cpp(90): warning C4305: 'argument': truncation from 'double' to 'float'
c:\users\arsen\documents\visual studio 2015\projects\sfml41hub\src\interface.cpp(96): warning C4305: 'argument': truncation from 'double' to 'float'
c:\users\arsen\documents\visual studio 2015\projects\sfml41hub\src\interface.cpp(102): warning C4305: 'argument': truncation from 'double' to 'float'
c:\users\arsen\documents\visual studio 2015\projects\sfml41hub\src\interface.cpp(108): warning C4305: 'argument': truncation from 'double' to 'float'
c:\users\arsen\documents\visual studio 2015\projects\sfml41hub\src\interface.cpp(115): warning C4305: 'argument': truncation from 'double' to 'float'
c:\users\arsen\documents\visual studio 2015\projects\sfml41hub\src\interface.cpp(120): warning C4305: 'argument': truncation from 'double' to 'float'
c:\users\arsen\documents\visual studio 2015\projects\sfml41hub\src\interface.cpp(125): warning C4305: 'argument': truncation from 'double' to 'float'
c:\users\arsen\documents\visual studio 2015\projects\sfml41hub\src\interface.cpp(131): warning C4305: 'argument': truncation from 'double' to 'float'
c:\users\arsen\documents\visual studio 2015\projects\sfml41hub\src\interface.cpp(137): warning C4305: 'argument': truncation from 'double' to 'float'
c:\users\arsen\documents\visual studio 2015\projects\sfml41hub\src\interface.cpp(163): warning C4244: 'argument': conversion from 'double' to 'float', possible loss of data
c:\users\arsen\documents\visual studio 2015\projects\sfml41hub\src\interface.cpp(174): warning C4244: 'argument': conversion from 'double' to 'float', possible loss of data
c:\users\arsen\documents\visual studio 2015\projects\sfml41hub\src\interface.cpp(182): warning C4244: 'argument': conversion from 'double' to 'float', possible loss of data
c:\users\arsen\documents\visual studio 2015\projects\sfml41hub\src\interface.cpp(187): warning C4244: 'argument': conversion from 'double' to 'float', possible loss of data
c:\users\arsen\documents\visual studio 2015\projects\sfml41hub\src\interface.cpp(287): warning C4244: 'argument': conversion from 'double' to 'float', possible loss of data
c:\users\arsen\documents\visual studio 2015\projects\sfml41hub\src\interface.cpp(292): warning C4244: 'argument': conversion from 'double' to 'float', possible loss of data
c:\users\arsen\documents\visual studio 2015\projects\sfml41hub\src\interface.cpp(297): warning C4244: 'argument': conversion from 'double' to 'float', possible loss of data
c:\users\arsen\documents\visual studio 2015\projects\sfml41hub\src\interface.cpp(302): warning C4244: 'argument': conversion from 'double' to 'float', possible loss of data
c:\users\arsen\documents\visual studio 2015\projects\sfml41hub\src\interface.cpp(306): warning C4244: 'argument': conversion from 'double' to 'float', possible loss of data
c:\users\arsen\documents\visual studio 2015\projects\sfml41hub\src\interface.cpp(308): warning C4244: 'argument': conversion from 'double' to 'float', possible loss of data
c:\users\arsen\documents\visual studio 2015\projects\sfml41hub\src\interface.cpp(309): warning C4244: 'argument': conversion from 'double' to 'float', possible loss of data
c:\users\arsen\documents\visual studio 2015\projects\sfml41hub\src\interface.cpp(334): warning C4244: 'argument': conversion from 'double' to 'float', possible loss of data
c:\users\arsen\documents\visual studio 2015\projects\sfml41hub\src\interface.cpp(338): warning C4244: 'argument': conversion from 'double' to 'float', possible loss of data
c:\users\arsen\documents\visual studio 2015\projects\sfml41hub\src\interface.cpp(342): warning C4244: 'argument': conversion from 'double' to 'float', possible loss of data
c:\users\arsen\documents\visual studio 2015\projects\sfml41hub\src\interface.cpp(353): warning C4244: 'argument': conversion from 'double' to 'float', possible loss of data
c:\users\arsen\documents\visual studio 2015\projects\sfml41hub\src\interface.cpp(482): warning C4305: 'argument': truncation from 'double' to 'float'
c:\users\arsen\documents\visual studio 2015\projects\sfml41hub\src\interface.cpp(488): warning C4305: 'argument': truncation from 'double' to 'float'
c:\users\arsen\documents\visual studio 2015\projects\sfml41hub\src\interface.cpp(494): warning C4305: 'argument': truncation from 'double' to 'float'
c:\users\arsen\documents\visual studio 2015\projects\sfml41hub\src\interface.cpp(500): warning C4305: 'argument': truncation from 'double' to 'float'
c:\users\arsen\documents\visual studio 2015\projects\sfml41hub\src\interface.cpp(507): warning C4305: 'argument': truncation from 'double' to 'float'
c:\users\arsen\documents\visual studio 2015\projects\sfml41hub\src\interface.cpp(512): warning C4305: 'argument': truncation from 'double' to 'float'
c:\users\arsen\documents\visual studio 2015\projects\sfml41hub\src\interface.cpp(522): warning C4244: 'argument': conversion from 'double' to 'float', possible loss of data
c:\users\arsen\documents\visual studio 2015\projects\sfml41hub\src\interface.cpp(531): warning C4244: 'argument': conversion from 'double' to 'float', possible loss of data
c:\users\arsen\documents\visual studio 2015\projects\sfml41hub\src\interface.cpp(538): warning C4244: 'argument': conversion from 'double' to 'float', possible loss of data
c:\users\arsen\documents\visual studio 2015\projects\sfml41hub\src\interface.cpp(544): warning C4244: 'argument': conversion from 'double' to 'float', possible loss of data
c:\users\arsen\documents\visual studio 2015\projects\sfml41hub\src\interface.cpp(644): warning C4244: 'argument': conversion from 'double' to 'float', possible loss of data
c:\users\arsen\documents\visual studio 2015\projects\sfml41hub\src\interface.cpp(647): warning C4244: 'argument': conversion from 'double' to 'float', possible loss of data
c:\users\arsen\documents\visual studio 2015\projects\sfml41hub\src\interface.cpp(649): warning C4244: 'argument': conversion from 'double' to 'float', possible loss of data
c:\users\arsen\documents\visual studio 2015\projects\sfml41hub\src\interface.cpp(650): warning C4244: 'argument': conversion from 'double' to 'float', possible loss of data
c:\users\arsen\documents\visual studio 2015\projects\sfml41hub\src\interface.cpp(673): warning C4244: 'argument': conversion from 'double' to 'float', possible loss of data
c:\users\arsen\documents\visual studio 2015\projects\sfml41hub\src\interface.cpp(677): warning C4244: 'argument': conversion from 'double' to 'float', possible loss of data
c:\users\arsen\documents\visual studio 2015\projects\sfml41hub\src\interface.cpp(681): warning C4244: 'argument': conversion from 'double' to 'float', possible loss of data
c:\users\arsen\documents\visual studio 2015\projects\sfml41hub\src\interface.cpp(692): warning C4244: 'argument': conversion from 'double' to 'float', possible loss of data
c:\users\arsen\documents\visual studio 2015\projects\sfml41hub\src\interface.cpp(729): warning C4305: 'argument': truncation from 'double' to 'float'
c:\users\arsen\documents\visual studio 2015\projects\sfml41hub\src\interface.cpp(782): warning C4244: 'argument': conversion from 'double' to 'float', possible loss of data
c:\users\arsen\documents\visual studio 2015\projects\sfml41hub\src\interface.cpp(803): warning C4305: 'argument': truncation from 'double' to 'float'
c:\users\arsen\documents\visual studio 2015\projects\sfml41hub\src\interface.cpp(809): warning C4305: 'argument': truncation from 'double' to 'float'
c:\users\arsen\documents\visual studio 2015\projects\sfml41hub\src\interface.cpp(815): warning C4305: 'argument': truncation from 'double' to 'float'
c:\users\arsen\documents\visual studio 2015\projects\sfml41hub\src\interface.cpp(821): warning C4305: 'argument': truncation from 'double' to 'float'
c:\users\arsen\documents\visual studio 2015\projects\sfml41hub\src\interface.cpp(834): warning C4244: 'argument': conversion from 'double' to 'float', possible loss of data
c:\users\arsen\documents\visual studio 2015\projects\sfml41hub\src\interface.cpp(840): warning C4244: 'argument': conversion from 'double' to 'float', possible loss of data
c:\users\arsen\documents\visual studio 2015\projects\sfml41hub\src\interface.cpp(846): warning C4244: 'argument': conversion from 'double' to 'float', possible loss of data
c:\users\arsen\documents\visual studio 2015\projects\sfml41hub\src\interface.cpp(852): warning C4244: 'argument': conversion from 'double' to 'float', possible loss of data
c:\users\arsen\documents\visual studio 2015\projects\sfml41hub\src\interface.cpp(858): warning C4244: 'argument': conversion from 'double' to 'float', possible loss of data
c:\users\arsen\documents\visual studio 2015\projects\sfml41hub\src\interface.cpp(865): warning C4244: 'argument': conversion from 'double' to 'float', possible loss of data
c:\users\arsen\documents\visual studio 2015\projects\sfml41hub\src\interface.cpp(872): warning C4244: 'argument': conversion from 'double' to 'float', possible loss of data
c:\users\arsen\documents\visual studio 2015\projects\sfml41hub\src\interface.cpp(883): warning C4244: 'argument': conversion from 'double' to 'float', possible loss of data
c:\users\arsen\documents\visual studio 2015\projects\sfml41hub\src\interface.cpp(886): warning C4244: 'argument': conversion from 'double' to 'float', possible loss of data
c:\users\arsen\documents\visual studio 2015\projects\sfml41hub\src\interface.cpp(892): warning C4244: 'argument': conversion from 'double' to 'float', possible loss of data
c:\users\arsen\documents\visual studio 2015\projects\sfml41hub\src\interface.cpp(895): warning C4244: 'argument': conversion from 'double' to 'float', possible loss of data
c:\users\arsen\documents\visual studio 2015\projects\sfml41hub\src\interface.cpp(901): warning C4244: 'argument': conversion from 'double' to 'float', possible loss of data
c:\users\arsen\documents\visual studio 2015\projects\sfml41hub\src\interface.cpp(904): warning C4244: 'argument': conversion from 'double' to 'float', possible loss of data
c:\users\arsen\documents\visual studio 2015\projects\sfml41hub\src\interface.cpp(908): warning C4244: 'argument': conversion from 'double' to 'float', possible loss of data
c:\users\arsen\documents\visual studio 2015\projects\sfml41hub\src\interface.cpp(955): warning C4305: 'argument': truncation from 'double' to 'float'
c:\users\arsen\documents\visual studio 2015\projects\sfml41hub\src\interface.cpp(1020): warning C4552: '-': operator has no effect; expected operator with side-effect
c:\users\arsen\documents\visual studio 2015\projects\sfml41hub\src\interface.cpp(1046): warning C4018: '<': signed/unsigned mismatch
c:\users\arsen\documents\visual studio 2015\projects\sfml41hub\src\interface.cpp(1049): warning C4244: '=': conversion from 'int' to 'float', possible loss of data
c:\users\arsen\documents\visual studio 2015\projects\sfml41hub\src\interface.cpp(1050): warning C4244: '=': conversion from 'int' to 'float', possible loss of data
c:\users\arsen\documents\visual studio 2015\projects\sfml41hub\src\interface.cpp(1051): warning C4244: '=': conversion from 'int' to 'float', possible loss of data
c:\users\arsen\documents\visual studio 2015\projects\sfml41hub\src\interface.cpp(1052): warning C4244: '=': conversion from 'int' to 'float', possible loss of data
c:\users\arsen\documents\visual studio 2015\projects\sfml41hub\src\interface.cpp(1067): warning C4018: '<': signed/unsigned mismatch
c:\users\arsen\documents\visual studio 2015\projects\sfml41hub\src\interface.cpp(1072): warning C4244: 'argument': conversion from 'double' to 'float', possible loss of data
c:\users\arsen\documents\visual studio 2015\projects\sfml41hub\src\interface.cpp(1081): warning C4244: 'argument': conversion from 'double' to 'float', possible loss of data
c:\users\arsen\documents\visual studio 2015\projects\sfml41hub\src\interface.cpp(1086): warning C4244: 'argument': conversion from 'double' to 'float', possible loss of data
c:\users\arsen\documents\visual studio 2015\projects\sfml41hub\src\interface.cpp(1096): warning C4244: 'argument': conversion from 'double' to 'float', possible loss of data
c:\users\arsen\documents\visual studio 2015\projects\sfml41hub\src\interface.cpp(1104): warning C4244: 'argument': conversion from 'double' to 'float', possible loss of data
c:\users\arsen\documents\visual studio 2015\projects\sfml41hub\src\interface.cpp(1111): warning C4244: 'argument': conversion from 'double' to 'float', possible loss of data
c:\users\arsen\documents\visual studio 2015\projects\sfml41hub\src\interface.cpp(1118): warning C4244: 'argument': conversion from 'double' to 'float', possible loss of data
c:\users\arsen\documents\visual studio 2015\projects\sfml41hub\src\interface.cpp(1125): warning C4244: 'argument': conversion from 'double' to 'float', possible loss of data
c:\users\arsen\documents\visual studio 2015\projects\sfml41hub\src\interface.cpp(1134): warning C4244: 'argument': conversion from 'double' to 'float', possible loss of data
c:\users\arsen\documents\visual studio 2015\projects\sfml41hub\src\interface.cpp(1143): warning C4244: 'argument': conversion from 'double' to 'float', possible loss of data
c:\users\arsen\documents\visual studio 2015\projects\sfml41hub\src\interface.cpp(1148): warning C4244: 'argument': conversion from 'double' to 'float', possible loss of data
c:\users\arsen\documents\visual studio 2015\projects\sfml41hub\src\interface.cpp(1158): warning C4244: 'argument': conversion from 'double' to 'float', possible loss of data
c:\users\arsen\documents\visual studio 2015\projects\sfml41hub\src\interface.cpp(1166): warning C4244: 'argument': conversion from 'double' to 'float', possible loss of data
c:\users\arsen\documents\visual studio 2015\projects\sfml41hub\src\interface.cpp(1173): warning C4244: 'argument': conversion from 'double' to 'float', possible loss of data
c:\users\arsen\documents\visual studio 2015\projects\sfml41hub\src\interface.cpp(1180): warning C4244: 'argument': conversion from 'double' to 'float', possible loss of data
c:\users\arsen\documents\visual studio 2015\projects\sfml41hub\src\interface.cpp(1187): warning C4244: 'argument': conversion from 'double' to 'float', possible loss of data
c:\users\arsen\documents\visual studio 2015\projects\sfml41hub\src\interface.cpp(1196): warning C4244: 'argument': conversion from 'double' to 'float', possible loss of data
c:\users\arsen\documents\visual studio 2015\projects\sfml41hub\src\interface.cpp(1205): warning C4244: 'argument': conversion from 'double' to 'float', possible loss of data
c:\users\arsen\documents\visual studio 2015\projects\sfml41hub\src\interface.cpp(1210): warning C4244: 'argument': conversion from 'double' to 'float', possible loss of data
c:\users\arsen\documents\visual studio 2015\projects\sfml41hub\src\interface.cpp(1219): warning C4244: 'argument': conversion from 'double' to 'float', possible loss of data
c:\users\arsen\documents\visual studio 2015\projects\sfml41hub\src\interface.cpp(1227): warning C4244: 'argument': conversion from 'double' to 'float', possible loss of data
c:\users\arsen\documents\visual studio 2015\projects\sfml41hub\src\interface.cpp(1234): warning C4244: 'argument': conversion from 'double' to 'float', possible loss of data
c:\users\arsen\documents\visual studio 2015\projects\sfml41hub\src\interface.cpp(1241): warning C4244: 'argument': conversion from 'double' to 'float', possible loss of data
c:\users\arsen\documents\visual studio 2015\projects\sfml41hub\src\interface.cpp(1248): warning C4244: 'argument': conversion from 'double' to 'float', possible loss of data
c:\users\arsen\documents\visual studio 2015\projects\sfml41hub\src\interface.cpp(1258): warning C4244: 'argument': conversion from 'double' to 'float', possible loss of data
c:\users\arsen\documents\visual studio 2015\projects\sfml41hub\src\interface.cpp(1267): warning C4244: 'argument': conversion from 'double' to 'float', possible loss of data
c:\users\arsen\documents\visual studio 2015\projects\sfml41hub\src\interface.cpp(1272): warning C4244: 'argument': conversion from 'double' to 'float', possible loss of data
c:\users\arsen\documents\visual studio 2015\projects\sfml41hub\src\interface.cpp(1281): warning C4244: 'argument': conversion from 'double' to 'float', possible loss of data
c:\users\arsen\documents\visual studio 2015\projects\sfml41hub\src\interface.cpp(1289): warning C4244: 'argument': conversion from 'double' to 'float', possible loss of data
c:\users\arsen\documents\visual studio 2015\projects\sfml41hub\src\interface.cpp(1296): warning C4244: 'argument': conversion from 'double' to 'float', possible loss of data
c:\users\arsen\documents\visual studio 2015\projects\sfml41hub\src\interface.cpp(1303): warning C4244: 'argument': conversion from 'double' to 'float', possible loss of data
c:\users\arsen\documents\visual studio 2015\projects\sfml41hub\src\interface.cpp(1310): warning C4244: 'argument': conversion from 'double' to 'float', possible loss of data
c:\users\arsen\documents\visual studio 2015\projects\sfml41hub\src\interface.cpp(1323): warning C4244: 'argument': conversion from 'double' to 'float', possible loss of data
c:\users\arsen\documents\visual studio 2015\projects\sfml41hub\src\interface.cpp(1329): warning C4244: 'argument': conversion from 'double' to 'float', possible loss of data
c:\users\arsen\documents\visual studio 2015\projects\sfml41hub\src\interface.cpp(1335): warning C4244: 'argument': conversion from 'double' to 'float', possible loss of data
c:\users\arsen\documents\visual studio 2015\projects\sfml41hub\src\interface.cpp(1341): warning C4244: 'argument': conversion from 'double' to 'float', possible loss of data
  GlobalFunctionMissiom.cpp
c:\users\arsen\documents\visual studio 2015\projects\sfml41hub\src\globalfunctionmissiom.cpp(57): warning C4244: 'argument': conversion from 'float' to 'int', possible loss of data
c:\users\arsen\documents\visual studio 2015\projects\sfml41hub\src\globalfunctionmissiom.cpp(115): warning C4244: 'argument': conversion from 'float' to 'int', possible loss of data
c:\users\arsen\documents\visual studio 2015\projects\sfml41hub\src\globalfunctionmissiom.cpp(146): warning C4018: '<': signed/unsigned mismatch
c:\users\arsen\documents\visual studio 2015\projects\sfml41hub\src\globalfunctionmissiom.cpp(161): warning C4018: '<': signed/unsigned mismatch
c:\users\arsen\documents\visual studio 2015\projects\sfml41hub\src\globalfunctionmissiom.cpp(179): warning C4018: '<': signed/unsigned mismatch
c:\users\arsen\documents\visual studio 2015\projects\sfml41hub\src\globalfunctionmissiom.cpp(196): warning C4018: '<': signed/unsigned mismatch
c:\users\arsen\documents\visual studio 2015\projects\sfml41hub\src\globalfunctionmissiom.cpp(215): warning C4018: '>': signed/unsigned mismatch
c:\users\arsen\documents\visual studio 2015\projects\sfml41hub\src\globalfunctionmissiom.cpp(217): warning C4244: 'argument': conversion from 'double' to 'float', possible loss of data
c:\users\arsen\documents\visual studio 2015\projects\sfml41hub\src\globalfunctionmissiom.cpp(220): warning C4244: 'argument': conversion from 'double' to 'float', possible loss of data
c:\users\arsen\documents\visual studio 2015\projects\sfml41hub\src\globalfunctionmissiom.cpp(228): warning C4244: 'argument': conversion from 'double' to 'float', possible loss of data
c:\users\arsen\documents\visual studio 2015\projects\sfml41hub\src\globalfunctionmissiom.cpp(231): warning C4244: 'argument': conversion from 'double' to 'float', possible loss of data
c:\users\arsen\documents\visual studio 2015\projects\sfml41hub\src\globalfunctionmissiom.cpp(236): warning C4018: '>': signed/unsigned mismatch
c:\users\arsen\documents\visual studio 2015\projects\sfml41hub\src\globalfunctionmissiom.cpp(238): warning C4244: 'argument': conversion from 'double' to 'float', possible loss of data
c:\users\arsen\documents\visual studio 2015\projects\sfml41hub\src\globalfunctionmissiom.cpp(241): warning C4244: 'argument': conversion from 'double' to 'float', possible loss of data
c:\users\arsen\documents\visual studio 2015\projects\sfml41hub\src\globalfunctionmissiom.cpp(247): warning C4244: 'argument': conversion from 'double' to 'float', possible loss of data
c:\users\arsen\documents\visual studio 2015\projects\sfml41hub\src\globalfunctionmissiom.cpp(250): warning C4244: 'argument': conversion from 'double' to 'float', possible loss of data
c:\users\arsen\documents\visual studio 2015\projects\sfml41hub\src\globalfunctionmissiom.cpp(256): warning C4244: 'argument': conversion from 'double' to 'float', possible loss of data
c:\users\arsen\documents\visual studio 2015\projects\sfml41hub\src\globalfunctionmissiom.cpp(259): warning C4244: 'argument': conversion from 'double' to 'float', possible loss of data
c:\users\arsen\documents\visual studio 2015\projects\sfml41hub\src\globalfunctionmissiom.cpp(266): warning C4244: 'argument': conversion from 'double' to 'float', possible loss of data
c:\users\arsen\documents\visual studio 2015\projects\sfml41hub\src\globalfunctionmissiom.cpp(269): warning C4244: 'argument': conversion from 'double' to 'float', possible loss of data
c:\users\arsen\documents\visual studio 2015\projects\sfml41hub\src\globalfunctionmissiom.cpp(275): warning C4244: 'argument': conversion from 'double' to 'float', possible loss of data
c:\users\arsen\documents\visual studio 2015\projects\sfml41hub\src\globalfunctionmissiom.cpp(278): warning C4244: 'argument': conversion from 'double' to 'float', possible loss of data
c:\users\arsen\documents\visual studio 2015\projects\sfml41hub\src\globalfunctionmissiom.cpp(284): warning C4244: 'argument': conversion from 'double' to 'float', possible loss of data
c:\users\arsen\documents\visual studio 2015\projects\sfml41hub\src\globalfunctionmissiom.cpp(287): warning C4244: 'argument': conversion from 'double' to 'float', possible loss of data
c:\users\arsen\documents\visual studio 2015\projects\sfml41hub\src\globalfunctionmissiom.cpp(295): warning C4244: '=': conversion from 'int' to 'float', possible loss of data
c:\users\arsen\documents\visual studio 2015\projects\sfml41hub\src\globalfunctionmissiom.cpp(296): warning C4244: '=': conversion from 'int' to 'float', possible loss of data
c:\users\arsen\documents\visual studio 2015\projects\sfml41hub\src\globalfunctionmissiom.cpp(504): warning C4018: '<': signed/unsigned mismatch
c:\users\arsen\documents\visual studio 2015\projects\sfml41hub\src\globalfunctionmissiom.cpp(543): warning C4018: '<': signed/unsigned mismatch
c:\users\arsen\documents\visual studio 2015\projects\sfml41hub\src\globalfunctionmissiom.cpp(567): warning C4018: '<': signed/unsigned mismatch
c:\users\arsen\documents\visual studio 2015\projects\sfml41hub\src\globalfunctionmissiom.cpp(581): warning C4018: '<': signed/unsigned mismatch
c:\users\arsen\documents\visual studio 2015\projects\sfml41hub\src\globalfunctionmissiom.cpp(585): warning C4018: '<': signed/unsigned mismatch
c:\users\arsen\documents\visual studio 2015\projects\sfml41hub\src\globalfunctionmissiom.cpp(587): warning C4244: '=': conversion from 'int' to 'float', possible loss of data
c:\users\arsen\documents\visual studio 2015\projects\sfml41hub\src\globalfunctionmissiom.cpp(588): warning C4244: '=': conversion from 'int' to 'float', possible loss of data
c:\users\arsen\documents\visual studio 2015\projects\sfml41hub\src\globalfunctionmissiom.cpp(621): warning C4018: '<': signed/unsigned mismatch
c:\users\arsen\documents\visual studio 2015\projects\sfml41hub\src\globalfunctionmissiom.cpp(623): warning C4018: '<': signed/unsigned mismatch
c:\users\arsen\documents\visual studio 2015\projects\sfml41hub\src\globalfunctionmissiom.cpp(643): warning C4018: '<': signed/unsigned mismatch
c:\users\arsen\documents\visual studio 2015\projects\sfml41hub\src\globalfunctionmissiom.cpp(645): warning C4018: '<': signed/unsigned mismatch
c:\users\arsen\documents\visual studio 2015\projects\sfml41hub\src\globalfunctionmissiom.cpp(717): warning C4018: '<': signed/unsigned mismatch
c:\users\arsen\documents\visual studio 2015\projects\sfml41hub\src\globalfunctionmissiom.cpp(783): warning C4018: '<': signed/unsigned mismatch
c:\users\arsen\documents\visual studio 2015\projects\sfml41hub\src\globalfunctionmissiom.cpp(785): warning C4018: '<': signed/unsigned mismatch
c:\users\arsen\documents\visual studio 2015\projects\sfml41hub\src\globalfunctionmissiom.cpp(797): warning C4018: '<': signed/unsigned mismatch
c:\users\arsen\documents\visual studio 2015\projects\sfml41hub\src\globalfunctionmissiom.cpp(799): warning C4018: '<': signed/unsigned mismatch
c:\users\arsen\documents\visual studio 2015\projects\sfml41hub\src\globalfunctionmissiom.cpp(809): warning C4018: '<': signed/unsigned mismatch
c:\users\arsen\documents\visual studio 2015\projects\sfml41hub\src\globalfunctionmissiom.cpp(861): warning C4244: 'argument': conversion from 'float' to 'int', possible loss of data
c:\users\arsen\documents\visual studio 2015\projects\sfml41hub\src\globalfunctionmissiom.cpp(868): warning C4244: 'argument': conversion from 'float' to 'int', possible loss of data
c:\users\arsen\documents\visual studio 2015\projects\sfml41hub\src\globalfunctionmissiom.cpp(875): warning C4244: 'argument': conversion from 'float' to 'int', possible loss of data
c:\users\arsen\documents\visual studio 2015\projects\sfml41hub\src\globalfunctionmissiom.cpp(882): warning C4244: 'argument': conversion from 'float' to 'int', possible loss of data
c:\users\arsen\documents\visual studio 2015\projects\sfml41hub\src\globalfunctionmissiom.cpp(885): warning C4244: 'argument': conversion from 'int' to 'float', possible loss of data
c:\users\arsen\documents\visual studio 2015\projects\sfml41hub\src\globalfunctionmissiom.cpp(898): warning C4244: 'argument': conversion from 'int' to 'float', possible loss of data
c:\users\arsen\documents\visual studio 2015\projects\sfml41hub\src\globalfunctionmissiom.cpp(920): warning C4018: '<': signed/unsigned mismatch
c:\users\arsen\documents\visual studio 2015\projects\sfml41hub\src\globalfunctionmissiom.cpp(930): warning C4244: 'argument': conversion from 'float' to 'int', possible loss of data
c:\users\arsen\documents\visual studio 2015\projects\sfml41hub\src\globalfunctionmissiom.cpp(934): warning C4244: 'argument': conversion from 'float' to 'int', possible loss of data
c:\users\arsen\documents\visual studio 2015\projects\sfml41hub\src\globalfunctionmissiom.cpp(941): warning C4244: 'argument': conversion from 'float' to 'int', possible loss of data
c:\users\arsen\documents\visual studio 2015\projects\sfml41hub\src\globalfunctionmissiom.cpp(949): warning C4244: 'argument': conversion from 'float' to 'int', possible loss of data
c:\users\arsen\documents\visual studio 2015\projects\sfml41hub\src\globalfunctionmissiom.cpp(953): warning C4244: 'argument': conversion from 'float' to 'int', possible loss of data
c:\users\arsen\documents\visual studio 2015\projects\sfml41hub\src\globalfunctionmissiom.cpp(962): warning C4018: '<': signed/unsigned mismatch
c:\users\arsen\documents\visual studio 2015\projects\sfml41hub\src\globalfunctionmissiom.cpp(971): warning C4244: 'argument': conversion from 'float' to 'int', possible loss of data
c:\users\arsen\documents\visual studio 2015\projects\sfml41hub\src\globalfunctionmissiom.cpp(975): warning C4244: 'argument': conversion from 'float' to 'int', possible loss of data
c:\users\arsen\documents\visual studio 2015\projects\sfml41hub\src\globalfunctionmissiom.cpp(981): warning C4244: 'argument': conversion from 'float' to 'int', possible loss of data
c:\users\arsen\documents\visual studio 2015\projects\sfml41hub\src\globalfunctionmissiom.cpp(989): warning C4244: 'argument': conversion from 'float' to 'int', possible loss of data
c:\users\arsen\documents\visual studio 2015\projects\sfml41hub\src\globalfunctionmissiom.cpp(993): warning C4244: 'argument': conversion from 'float' to 'int', possible loss of data
c:\users\arsen\documents\visual studio 2015\projects\sfml41hub\src\globalfunctionmissiom.cpp(1000): warning C4018: '<': signed/unsigned mismatch
c:\users\arsen\documents\visual studio 2015\projects\sfml41hub\src\globalfunctionmissiom.cpp(1008): warning C4018: '<': signed/unsigned mismatch
c:\users\arsen\documents\visual studio 2015\projects\sfml41hub\src\globalfunctionmissiom.cpp(1013): warning C4018: '<': signed/unsigned mismatch
c:\users\arsen\documents\visual studio 2015\projects\sfml41hub\src\globalfunctionmissiom.cpp(1022): warning C4018: '<': signed/unsigned mismatch
c:\users\arsen\documents\visual studio 2015\projects\sfml41hub\src\globalfunctionmissiom.cpp(1027): warning C4018: '<': signed/unsigned mismatch
c:\users\arsen\documents\visual studio 2015\projects\sfml41hub\src\globalfunctionmissiom.cpp(1117): warning C4018: '<': signed/unsigned mismatch
c:\users\arsen\documents\visual studio 2015\projects\sfml41hub\src\globalfunctionmissiom.cpp(1229): warning C4018: '<': signed/unsigned mismatch
c:\users\arsen\documents\visual studio 2015\projects\sfml41hub\src\globalfunctionmissiom.cpp(1277): warning C4018: '<': signed/unsigned mismatch
c:\users\arsen\documents\visual studio 2015\projects\sfml41hub\src\globalfunctionmissiom.cpp(1304): warning C4018: '<': signed/unsigned mismatch
c:\users\arsen\documents\visual studio 2015\projects\sfml41hub\src\globalfunctionmissiom.cpp(1317): warning C4018: '<': signed/unsigned mismatch
  ClassUnit.cpp
c:\users\arsen\documents\visual studio 2015\projects\sfml41hub\src\classunit.cpp(13): warning C4305: '=': truncation from 'double' to 'float'
c:\users\arsen\documents\visual studio 2015\projects\sfml41hub\src\classunit.cpp(14): warning C4305: '=': truncation from 'double' to 'float'
c:\users\arsen\documents\visual studio 2015\projects\sfml41hub\src\classunit.cpp(54): warning C4244: '=': conversion from 'float' to 'int', possible loss of data
c:\users\arsen\documents\visual studio 2015\projects\sfml41hub\src\classunit.cpp(55): warning C4244: '=': conversion from 'float' to 'int', possible loss of data
c:\users\arsen\documents\visual studio 2015\projects\sfml41hub\src\classunit.cpp(76): warning C4244: 'argument': conversion from 'float' to 'int', possible loss of data
c:\users\arsen\documents\visual studio 2015\projects\sfml41hub\src\classunit.cpp(130): warning C4244: 'argument': conversion from 'float' to 'int', possible loss of data
c:\users\arsen\documents\visual studio 2015\projects\sfml41hub\src\classunit.cpp(135): warning C4244: 'argument': conversion from 'float' to 'int', possible loss of data
c:\users\arsen\documents\visual studio 2015\projects\sfml41hub\src\classunit.cpp(161): warning C4244: 'argument': conversion from 'float' to 'int', possible loss of data
c:\users\arsen\documents\visual studio 2015\projects\sfml41hub\src\classunit.cpp(165): warning C4244: 'argument': conversion from 'float' to 'int', possible loss of data
c:\users\arsen\documents\visual studio 2015\projects\sfml41hub\src\classunit.cpp(193): warning C4244: 'argument': conversion from 'float' to 'int', possible loss of data
c:\users\arsen\documents\visual studio 2015\projects\sfml41hub\src\classunit.cpp(197): warning C4244: 'argument': conversion from 'float' to 'int', possible loss of data
c:\users\arsen\documents\visual studio 2015\projects\sfml41hub\src\classunit.cpp(205): warning C4244: 'argument': conversion from 'float' to 'int', possible loss of data
c:\users\arsen\documents\visual studio 2015\projects\sfml41hub\src\classunit.cpp(209): warning C4244: 'argument': conversion from 'float' to 'int', possible loss of data
c:\users\arsen\documents\visual studio 2015\projects\sfml41hub\src\classunit.cpp(228): warning C4244: 'argument': conversion from 'float' to 'int', possible loss of data
c:\users\arsen\documents\visual studio 2015\projects\sfml41hub\src\classunit.cpp(232): warning C4244: 'argument': conversion from 'float' to 'int', possible loss of data
c:\users\arsen\documents\visual studio 2015\projects\sfml41hub\src\classunit.cpp(291): warning C4244: '=': conversion from 'float' to 'int', possible loss of data
  ClassTile.cpp
c:\users\arsen\documents\visual studio 2015\projects\sfml41hub\src\classtile.cpp(11): warning C4305: '=': truncation from 'double' to 'float'
c:\users\arsen\documents\visual studio 2015\projects\sfml41hub\src\classtile.cpp(45): warning C4244: '=': conversion from 'int' to 'float', possible loss of data
c:\users\arsen\documents\visual studio 2015\projects\sfml41hub\src\classtile.cpp(46): warning C4244: '=': conversion from 'int' to 'float', possible loss of data
c:\users\arsen\documents\visual studio 2015\projects\sfml41hub\src\classtile.cpp(101): warning C4244: 'return': conversion from 'int' to 'float', possible loss of data
c:\users\arsen\documents\visual studio 2015\projects\sfml41hub\src\classtile.cpp(106): warning C4244: 'return': conversion from 'int' to 'float', possible loss of data
c:\users\arsen\documents\visual studio 2015\projects\sfml41hub\src\classtile.cpp(111): warning C4244: 'return': conversion from 'int' to 'float', possible loss of data
  ClassPlayers.cpp
  Generating Code...
c:\users\arsen\documents\visual studio 2015\projects\sfml41hub\src\globalfunctionmissiom.cpp(1082): warning C4715: 'Generation_Rand_name': not all control paths return a value
  SFML41HUB.vcxproj -> C:\Users\Arsen\Documents\Visual Studio 2015\Projects\SFML41HUB\Debug\SFML41HUB.exe
  SFML41HUB.vcxproj -> C:\Users\Arsen\Documents\Visual Studio 2015\Projects\SFML41HUB\Debug\SFML41HUB.pdb (Partial PDB)
