C:\Program Files (x86)\MSBuild\Microsoft.Cpp\v4.0\V140\Microsoft.CppBuild.targets(392,5): warning MSB8028: The intermediate directory (Debug\) contains files shared from another project (SFML13HUB.vcxproj, SFML14HUB.vcxproj, SFML15HUB.vcxproj, SFML16HUB.vcxproj, SFML17HUB.vcxproj, SFML18HUB.vcxproj, SFML19HUB.vcxproj, SFML20HUB.vcxproj, SFML21HUB.vcxproj, SFML22HUB.vcxproj, SFML23HUB.vcxproj, SFML24HUB.vcxproj, SFML25HUB.vcxproj, SFML26HUB.vcxproj, SFML27HUB.vcxproj, SFML28HUB.vcxproj, SFML29HUB.vcxproj, SFML30HUB.vcxproj, SFML31HUB.vcxproj, SFML32HUB.vcxproj).  This can lead to incorrect clean and rebuild behavior.
  Mission.cpp
  GlobalFunctionMissiom.cpp
c:\users\евгений\documents\c++\program\1 vs\sfml learning\sfml33hub\globalfunctionmissiom.cpp(77): warning C4018: <: несоответствие типов со знаком и без знака
c:\users\евгений\documents\c++\program\1 vs\sfml learning\sfml33hub\globalfunctionmissiom.cpp(92): warning C4018: <: несоответствие типов со знаком и без знака
c:\users\евгений\documents\c++\program\1 vs\sfml learning\sfml33hub\globalfunctionmissiom.cpp(110): warning C4018: <: несоответствие типов со знаком и без знака
c:\users\евгений\documents\c++\program\1 vs\sfml learning\sfml33hub\globalfunctionmissiom.cpp(127): warning C4018: <: несоответствие типов со знаком и без знака
c:\users\евгений\documents\c++\program\1 vs\sfml learning\sfml33hub\globalfunctionmissiom.cpp(145): warning C4018: >: несоответствие типов со знаком и без знака
c:\users\евгений\documents\c++\program\1 vs\sfml learning\sfml33hub\globalfunctionmissiom.cpp(147): warning C4244: аргумент: преобразование "double" в "float", возможна потеря данных
c:\users\евгений\documents\c++\program\1 vs\sfml learning\sfml33hub\globalfunctionmissiom.cpp(150): warning C4244: аргумент: преобразование "double" в "float", возможна потеря данных
c:\users\евгений\documents\c++\program\1 vs\sfml learning\sfml33hub\globalfunctionmissiom.cpp(158): warning C4244: аргумент: преобразование "double" в "float", возможна потеря данных
c:\users\евгений\documents\c++\program\1 vs\sfml learning\sfml33hub\globalfunctionmissiom.cpp(161): warning C4244: аргумент: преобразование "double" в "float", возможна потеря данных
c:\users\евгений\documents\c++\program\1 vs\sfml learning\sfml33hub\globalfunctionmissiom.cpp(166): warning C4018: >: несоответствие типов со знаком и без знака
c:\users\евгений\documents\c++\program\1 vs\sfml learning\sfml33hub\globalfunctionmissiom.cpp(168): warning C4244: аргумент: преобразование "double" в "float", возможна потеря данных
c:\users\евгений\documents\c++\program\1 vs\sfml learning\sfml33hub\globalfunctionmissiom.cpp(171): warning C4244: аргумент: преобразование "double" в "float", возможна потеря данных
c:\users\евгений\documents\c++\program\1 vs\sfml learning\sfml33hub\globalfunctionmissiom.cpp(177): warning C4244: аргумент: преобразование "double" в "float", возможна потеря данных
c:\users\евгений\documents\c++\program\1 vs\sfml learning\sfml33hub\globalfunctionmissiom.cpp(180): warning C4244: аргумент: преобразование "double" в "float", возможна потеря данных
c:\users\евгений\documents\c++\program\1 vs\sfml learning\sfml33hub\globalfunctionmissiom.cpp(186): warning C4244: аргумент: преобразование "double" в "float", возможна потеря данных
c:\users\евгений\documents\c++\program\1 vs\sfml learning\sfml33hub\globalfunctionmissiom.cpp(189): warning C4244: аргумент: преобразование "double" в "float", возможна потеря данных
c:\users\евгений\documents\c++\program\1 vs\sfml learning\sfml33hub\globalfunctionmissiom.cpp(196): warning C4244: аргумент: преобразование "double" в "float", возможна потеря данных
c:\users\евгений\documents\c++\program\1 vs\sfml learning\sfml33hub\globalfunctionmissiom.cpp(199): warning C4244: аргумент: преобразование "double" в "float", возможна потеря данных
c:\users\евгений\documents\c++\program\1 vs\sfml learning\sfml33hub\globalfunctionmissiom.cpp(205): warning C4244: аргумент: преобразование "double" в "float", возможна потеря данных
c:\users\евгений\documents\c++\program\1 vs\sfml learning\sfml33hub\globalfunctionmissiom.cpp(208): warning C4244: аргумент: преобразование "double" в "float", возможна потеря данных
c:\users\евгений\documents\c++\program\1 vs\sfml learning\sfml33hub\globalfunctionmissiom.cpp(214): warning C4244: аргумент: преобразование "double" в "float", возможна потеря данных
c:\users\евгений\documents\c++\program\1 vs\sfml learning\sfml33hub\globalfunctionmissiom.cpp(217): warning C4244: аргумент: преобразование "double" в "float", возможна потеря данных
c:\users\евгений\documents\c++\program\1 vs\sfml learning\sfml33hub\globalfunctionmissiom.cpp(227): warning C4244: =: преобразование "double" в "int", возможна потеря данных
c:\users\евгений\documents\c++\program\1 vs\sfml learning\sfml33hub\globalfunctionmissiom.cpp(242): warning C4244: =: преобразование "double" в "int", возможна потеря данных
c:\users\евгений\documents\c++\program\1 vs\sfml learning\sfml33hub\globalfunctionmissiom.cpp(380): warning C4018: <: несоответствие типов со знаком и без знака
c:\users\евгений\documents\c++\program\1 vs\sfml learning\sfml33hub\globalfunctionmissiom.cpp(417): warning C4018: <: несоответствие типов со знаком и без знака
c:\users\евгений\documents\c++\program\1 vs\sfml learning\sfml33hub\globalfunctionmissiom.cpp(441): warning C4018: <: несоответствие типов со знаком и без знака
c:\users\евгений\documents\c++\program\1 vs\sfml learning\sfml33hub\globalfunctionmissiom.cpp(454): warning C4018: <: несоответствие типов со знаком и без знака
c:\users\евгений\documents\c++\program\1 vs\sfml learning\sfml33hub\globalfunctionmissiom.cpp(458): warning C4018: <: несоответствие типов со знаком и без знака
c:\users\евгений\documents\c++\program\1 vs\sfml learning\sfml33hub\globalfunctionmissiom.cpp(460): warning C4244: =: преобразование "int" в "float", возможна потеря данных
c:\users\евгений\documents\c++\program\1 vs\sfml learning\sfml33hub\globalfunctionmissiom.cpp(461): warning C4244: =: преобразование "int" в "float", возможна потеря данных
c:\users\евгений\documents\c++\program\1 vs\sfml learning\sfml33hub\globalfunctionmissiom.cpp(492): warning C4018: <: несоответствие типов со знаком и без знака
c:\users\евгений\documents\c++\program\1 vs\sfml learning\sfml33hub\globalfunctionmissiom.cpp(494): warning C4018: <: несоответствие типов со знаком и без знака
c:\users\евгений\documents\c++\program\1 vs\sfml learning\sfml33hub\globalfunctionmissiom.cpp(513): warning C4018: <: несоответствие типов со знаком и без знака
c:\users\евгений\documents\c++\program\1 vs\sfml learning\sfml33hub\globalfunctionmissiom.cpp(515): warning C4018: <: несоответствие типов со знаком и без знака
c:\users\евгений\documents\c++\program\1 vs\sfml learning\sfml33hub\globalfunctionmissiom.cpp(580): warning C4018: <: несоответствие типов со знаком и без знака
c:\users\евгений\documents\c++\program\1 vs\sfml learning\sfml33hub\globalfunctionmissiom.cpp(586): warning C4018: <: несоответствие типов со знаком и без знака
c:\users\евгений\documents\c++\program\1 vs\sfml learning\sfml33hub\globalfunctionmissiom.cpp(601): warning C4018: <: несоответствие типов со знаком и без знака
c:\users\евгений\documents\c++\program\1 vs\sfml learning\sfml33hub\globalfunctionmissiom.cpp(666): warning C4018: <: несоответствие типов со знаком и без знака
c:\users\евгений\documents\c++\program\1 vs\sfml learning\sfml33hub\globalfunctionmissiom.cpp(668): warning C4018: <: несоответствие типов со знаком и без знака
c:\users\евгений\documents\c++\program\1 vs\sfml learning\sfml33hub\globalfunctionmissiom.cpp(680): warning C4018: <: несоответствие типов со знаком и без знака
c:\users\евгений\documents\c++\program\1 vs\sfml learning\sfml33hub\globalfunctionmissiom.cpp(682): warning C4018: <: несоответствие типов со знаком и без знака
c:\users\евгений\documents\c++\program\1 vs\sfml learning\sfml33hub\globalfunctionmissiom.cpp(692): warning C4018: <: несоответствие типов со знаком и без знака
c:\users\евгений\documents\c++\program\1 vs\sfml learning\sfml33hub\globalfunctionmissiom.cpp(767): warning C4244: аргумент: преобразование "int" в "float", возможна потеря данных
c:\users\евгений\documents\c++\program\1 vs\sfml learning\sfml33hub\globalfunctionmissiom.cpp(780): warning C4244: аргумент: преобразование "int" в "float", возможна потеря данных
c:\users\евгений\documents\c++\program\1 vs\sfml learning\sfml33hub\globalfunctionmissiom.cpp(802): warning C4018: <: несоответствие типов со знаком и без знака
c:\users\евгений\documents\c++\program\1 vs\sfml learning\sfml33hub\globalfunctionmissiom.cpp(812): warning C4244: аргумент: преобразование "float" в "int", возможна потеря данных
c:\users\евгений\documents\c++\program\1 vs\sfml learning\sfml33hub\globalfunctionmissiom.cpp(816): warning C4244: аргумент: преобразование "float" в "int", возможна потеря данных
c:\users\евгений\documents\c++\program\1 vs\sfml learning\sfml33hub\globalfunctionmissiom.cpp(823): warning C4244: аргумент: преобразование "float" в "int", возможна потеря данных
c:\users\евгений\documents\c++\program\1 vs\sfml learning\sfml33hub\globalfunctionmissiom.cpp(831): warning C4244: аргумент: преобразование "float" в "int", возможна потеря данных
c:\users\евгений\documents\c++\program\1 vs\sfml learning\sfml33hub\globalfunctionmissiom.cpp(835): warning C4244: аргумент: преобразование "float" в "int", возможна потеря данных
c:\users\евгений\documents\c++\program\1 vs\sfml learning\sfml33hub\globalfunctionmissiom.cpp(844): warning C4018: <: несоответствие типов со знаком и без знака
c:\users\евгений\documents\c++\program\1 vs\sfml learning\sfml33hub\globalfunctionmissiom.cpp(853): warning C4244: аргумент: преобразование "float" в "int", возможна потеря данных
c:\users\евгений\documents\c++\program\1 vs\sfml learning\sfml33hub\globalfunctionmissiom.cpp(857): warning C4244: аргумент: преобразование "float" в "int", возможна потеря данных
c:\users\евгений\documents\c++\program\1 vs\sfml learning\sfml33hub\globalfunctionmissiom.cpp(863): warning C4244: аргумент: преобразование "float" в "int", возможна потеря данных
c:\users\евгений\documents\c++\program\1 vs\sfml learning\sfml33hub\globalfunctionmissiom.cpp(871): warning C4244: аргумент: преобразование "float" в "int", возможна потеря данных
c:\users\евгений\documents\c++\program\1 vs\sfml learning\sfml33hub\globalfunctionmissiom.cpp(875): warning C4244: аргумент: преобразование "float" в "int", возможна потеря данных
c:\users\евгений\documents\c++\program\1 vs\sfml learning\sfml33hub\globalfunctionmissiom.cpp(882): warning C4018: <: несоответствие типов со знаком и без знака
c:\users\евгений\documents\c++\program\1 vs\sfml learning\sfml33hub\globalfunctionmissiom.cpp(890): warning C4018: <: несоответствие типов со знаком и без знака
c:\users\евгений\documents\c++\program\1 vs\sfml learning\sfml33hub\globalfunctionmissiom.cpp(895): warning C4018: <: несоответствие типов со знаком и без знака
c:\users\евгений\documents\c++\program\1 vs\sfml learning\sfml33hub\globalfunctionmissiom.cpp(904): warning C4018: <: несоответствие типов со знаком и без знака
c:\users\евгений\documents\c++\program\1 vs\sfml learning\sfml33hub\globalfunctionmissiom.cpp(909): warning C4018: <: несоответствие типов со знаком и без знака
c:\users\евгений\documents\c++\program\1 vs\sfml learning\sfml33hub\globalfunctionmissiom.cpp(989): warning C4018: <: несоответствие типов со знаком и без знака
c:\users\евгений\documents\c++\program\1 vs\sfml learning\sfml33hub\globalfunctionmissiom.cpp(1005): warning C4018: <: несоответствие типов со знаком и без знака
c:\users\евгений\documents\c++\program\1 vs\sfml learning\sfml33hub\globalfunctionmissiom.cpp(1094): warning C4018: <: несоответствие типов со знаком и без знака
c:\users\евгений\documents\c++\program\1 vs\sfml learning\sfml33hub\globalfunctionmissiom.cpp(1127): warning C4018: <: несоответствие типов со знаком и без знака
  Создание кода...
c:\users\евгений\documents\c++\program\1 vs\sfml learning\sfml33hub\globalfunctionmissiom.cpp(964): warning C4715: Generation_Rand_name: значение возвращается не при всех путях выполнения
  Компиляция...
  HubMain.cpp
c:\users\евгений\documents\c++\program\1 vs\sfml learning\sfml33hub\hubmain.cpp(20): warning C4244: аргумент: преобразование "time_t" в "unsigned int", возможна потеря данных
c:\users\евгений\documents\c++\program\1 vs\sfml learning\sfml33hub\hubmain.cpp(50): warning C4244: инициализация: преобразование "sf::Int64" в "float", возможна потеря данных
  Создание кода...
  Пропуск... (изменения не обнаружены)
  Interface.cpp
  ClassUnit.cpp
  ClassTile.cpp
  ClassPlayers.cpp
  SFML33HUB.vcxproj -> C:\Users\Евгений\Documents\c++\program\1 VS\SFML learning\Debug\SFML33HUB.exe
  SFML33HUB.vcxproj -> C:\Users\Евгений\Documents\c++\program\1 VS\SFML learning\Debug\SFML33HUB.pdb (Partial PDB)
