C:\Program Files (x86)\MSBuild\Microsoft.Cpp\v4.0\V140\Microsoft.CppBuild.targets(392,5): warning MSB8028: The intermediate directory (Debug\) contains files shared from another project (SFML13HUB.vcxproj, SFML14HUB.vcxproj).  This can lead to incorrect clean and rebuild behavior.
  GlobalFunctionMissiom.cpp
c:\users\евгений\documents\c++\program\1 vs\sfml learning\sfml15hub\globalfunctionmissiom.cpp(89): warning C4018: <: несоответствие типов со знаком и без знака
c:\users\евгений\documents\c++\program\1 vs\sfml learning\sfml15hub\globalfunctionmissiom.cpp(104): warning C4018: <: несоответствие типов со знаком и без знака
c:\users\евгений\documents\c++\program\1 vs\sfml learning\sfml15hub\globalfunctionmissiom.cpp(122): warning C4018: <: несоответствие типов со знаком и без знака
c:\users\евгений\documents\c++\program\1 vs\sfml learning\sfml15hub\globalfunctionmissiom.cpp(139): warning C4018: <: несоответствие типов со знаком и без знака
c:\users\евгений\documents\c++\program\1 vs\sfml learning\sfml15hub\globalfunctionmissiom.cpp(155): warning C4018: >: несоответствие типов со знаком и без знака
c:\users\евгений\documents\c++\program\1 vs\sfml learning\sfml15hub\globalfunctionmissiom.cpp(157): warning C4244: аргумент: преобразование "double" в "float", возможна потеря данных
c:\users\евгений\documents\c++\program\1 vs\sfml learning\sfml15hub\globalfunctionmissiom.cpp(160): warning C4244: аргумент: преобразование "double" в "float", возможна потеря данных
c:\users\евгений\documents\c++\program\1 vs\sfml learning\sfml15hub\globalfunctionmissiom.cpp(165): warning C4018: >: несоответствие типов со знаком и без знака
c:\users\евгений\documents\c++\program\1 vs\sfml learning\sfml15hub\globalfunctionmissiom.cpp(167): warning C4244: аргумент: преобразование "double" в "float", возможна потеря данных
c:\users\евгений\documents\c++\program\1 vs\sfml learning\sfml15hub\globalfunctionmissiom.cpp(170): warning C4244: аргумент: преобразование "double" в "float", возможна потеря данных
c:\users\евгений\documents\c++\program\1 vs\sfml learning\sfml15hub\globalfunctionmissiom.cpp(176): warning C4244: аргумент: преобразование "double" в "float", возможна потеря данных
c:\users\евгений\documents\c++\program\1 vs\sfml learning\sfml15hub\globalfunctionmissiom.cpp(179): warning C4244: аргумент: преобразование "double" в "float", возможна потеря данных
c:\users\евгений\documents\c++\program\1 vs\sfml learning\sfml15hub\globalfunctionmissiom.cpp(186): warning C4244: аргумент: преобразование "double" в "float", возможна потеря данных
c:\users\евгений\documents\c++\program\1 vs\sfml learning\sfml15hub\globalfunctionmissiom.cpp(189): warning C4244: аргумент: преобразование "double" в "float", возможна потеря данных
c:\users\евгений\documents\c++\program\1 vs\sfml learning\sfml15hub\globalfunctionmissiom.cpp(198): warning C4244: =: преобразование "double" в "int", возможна потеря данных
c:\users\евгений\documents\c++\program\1 vs\sfml learning\sfml15hub\globalfunctionmissiom.cpp(213): warning C4244: =: преобразование "double" в "int", возможна потеря данных
c:\users\евгений\documents\c++\program\1 vs\sfml learning\sfml15hub\globalfunctionmissiom.cpp(264): warning C4018: <: несоответствие типов со знаком и без знака
c:\users\евгений\documents\c++\program\1 vs\sfml learning\sfml15hub\globalfunctionmissiom.cpp(267): warning C4244: аргумент: преобразование "float" в "int", возможна потеря данных
c:\users\евгений\documents\c++\program\1 vs\sfml learning\sfml15hub\globalfunctionmissiom.cpp(277): warning C4018: <: несоответствие типов со знаком и без знака
c:\users\евгений\documents\c++\program\1 vs\sfml learning\sfml15hub\globalfunctionmissiom.cpp(279): warning C4018: <: несоответствие типов со знаком и без знака
c:\users\евгений\documents\c++\program\1 vs\sfml learning\sfml15hub\globalfunctionmissiom.cpp(281): warning C4244: =: преобразование "int" в "float", возможна потеря данных
c:\users\евгений\documents\c++\program\1 vs\sfml learning\sfml15hub\globalfunctionmissiom.cpp(282): warning C4244: =: преобразование "int" в "float", возможна потеря данных
c:\users\евгений\documents\c++\program\1 vs\sfml learning\sfml15hub\globalfunctionmissiom.cpp(303): warning C4018: <: несоответствие типов со знаком и без знака
c:\users\евгений\documents\c++\program\1 vs\sfml learning\sfml15hub\globalfunctionmissiom.cpp(305): warning C4018: <: несоответствие типов со знаком и без знака
c:\users\евгений\documents\c++\program\1 vs\sfml learning\sfml15hub\globalfunctionmissiom.cpp(368): warning C4018: <: несоответствие типов со знаком и без знака
c:\users\евгений\documents\c++\program\1 vs\sfml learning\sfml15hub\globalfunctionmissiom.cpp(374): warning C4018: <: несоответствие типов со знаком и без знака
c:\users\евгений\documents\c++\program\1 vs\sfml learning\sfml15hub\globalfunctionmissiom.cpp(390): warning C4018: <: несоответствие типов со знаком и без знака
c:\users\евгений\documents\c++\program\1 vs\sfml learning\sfml15hub\globalfunctionmissiom.cpp(476): warning C4244: аргумент: преобразование "int" в "float", возможна потеря данных
c:\users\евгений\documents\c++\program\1 vs\sfml learning\sfml15hub\globalfunctionmissiom.cpp(490): warning C4244: аргумент: преобразование "int" в "float", возможна потеря данных
c:\users\евгений\documents\c++\program\1 vs\sfml learning\sfml15hub\globalfunctionmissiom.cpp(509): warning C4018: <: несоответствие типов со знаком и без знака
c:\users\евгений\documents\c++\program\1 vs\sfml learning\sfml15hub\globalfunctionmissiom.cpp(516): warning C4244: аргумент: преобразование "float" в "int", возможна потеря данных
c:\users\евгений\documents\c++\program\1 vs\sfml learning\sfml15hub\globalfunctionmissiom.cpp(523): warning C4018: <: несоответствие типов со знаком и без знака
c:\users\евгений\documents\c++\program\1 vs\sfml learning\sfml15hub\globalfunctionmissiom.cpp(530): warning C4244: аргумент: преобразование "float" в "int", возможна потеря данных
c:\users\евгений\documents\c++\program\1 vs\sfml learning\sfml15hub\globalfunctionmissiom.cpp(535): warning C4018: <: несоответствие типов со знаком и без знака
c:\users\евгений\documents\c++\program\1 vs\sfml learning\sfml15hub\globalfunctionmissiom.cpp(540): warning C4018: <: несоответствие типов со знаком и без знака
c:\users\евгений\documents\c++\program\1 vs\sfml learning\sfml15hub\globalfunctionmissiom.cpp(546): warning C4018: <: несоответствие типов со знаком и без знака
c:\users\евгений\documents\c++\program\1 vs\sfml learning\sfml15hub\globalfunctionmissiom.cpp(551): warning C4018: <: несоответствие типов со знаком и без знака
  Создание кода...
  Компиляция...
  Mission.cpp
  Interface.cpp
  HubMain.cpp
c:\users\евгений\documents\c++\program\1 vs\sfml learning\sfml15hub\hubmain.cpp(40): warning C4244: инициализация: преобразование "sf::Int64" в "float", возможна потеря данных
  ClassUnit.cpp
c:\users\евгений\documents\c++\program\1 vs\sfml learning\sfml15hub\classunit.cpp(18): warning C4244: =: преобразование "float" в "int", возможна потеря данных
c:\users\евгений\documents\c++\program\1 vs\sfml learning\sfml15hub\classunit.cpp(19): warning C4244: =: преобразование "float" в "int", возможна потеря данных
c:\users\евгений\documents\c++\program\1 vs\sfml learning\sfml15hub\classunit.cpp(21): warning C4305: =: усечение из "double" к "float"
c:\users\евгений\documents\c++\program\1 vs\sfml learning\sfml15hub\classunit.cpp(23): warning C4305: =: усечение из "double" к "float"
c:\users\евгений\documents\c++\program\1 vs\sfml learning\sfml15hub\classunit.cpp(48): warning C4244: аргумент: преобразование "float" в "int", возможна потеря данных
c:\users\евгений\documents\c++\program\1 vs\sfml learning\sfml15hub\classunit.cpp(76): warning C4244: аргумент: преобразование "float" в "int", возможна потеря данных
c:\users\евгений\documents\c++\program\1 vs\sfml learning\sfml15hub\classunit.cpp(90): warning C4244: аргумент: преобразование "float" в "int", возможна потеря данных
  ClassTile.cpp
c:\users\евгений\documents\c++\program\1 vs\sfml learning\sfml15hub\classtile.cpp(11): warning C4305: =: усечение из "double" к "float"
c:\users\евгений\documents\c++\program\1 vs\sfml learning\sfml15hub\classtile.cpp(47): warning C4244: =: преобразование "int" в "float", возможна потеря данных
c:\users\евгений\documents\c++\program\1 vs\sfml learning\sfml15hub\classtile.cpp(48): warning C4244: =: преобразование "int" в "float", возможна потеря данных
  ClassPlayers.cpp
  Создание кода...
  SFML15HUB.vcxproj -> C:\Users\Евгений\Documents\c++\program\1 VS\SFML learning\Debug\SFML15HUB.exe
  SFML15HUB.vcxproj -> C:\Users\Евгений\Documents\c++\program\1 VS\SFML learning\Debug\SFML15HUB.pdb (Partial PDB)
