C:\Program Files (x86)\MSBuild\Microsoft.Cpp\v4.0\V140\Microsoft.CppBuild.targets(392,5): warning MSB8028: The intermediate directory (Debug\) contains files shared from another project (SFML13HUB.vcxproj, SFML14HUB.vcxproj, SFML15HUB.vcxproj, SFML16HUB.vcxproj, SFML17HUB.vcxproj, SFML18HUB.vcxproj, SFML19HUB.vcxproj).  This can lead to incorrect clean and rebuild behavior.
  ClassUnit.cpp
c:\users\евгений\documents\c++\program\1 vs\sfml learning\sfml20hub\classunit.cpp(13): warning C4305: =: усечение из "double" к "float"
c:\users\евгений\documents\c++\program\1 vs\sfml learning\sfml20hub\classunit.cpp(14): warning C4305: =: усечение из "double" к "float"
c:\users\евгений\documents\c++\program\1 vs\sfml learning\sfml20hub\classunit.cpp(48): warning C4244: =: преобразование "float" в "int", возможна потеря данных
c:\users\евгений\documents\c++\program\1 vs\sfml learning\sfml20hub\classunit.cpp(49): warning C4244: =: преобразование "float" в "int", возможна потеря данных
c:\users\евгений\documents\c++\program\1 vs\sfml learning\sfml20hub\classunit.cpp(70): warning C4244: аргумент: преобразование "float" в "int", возможна потеря данных
c:\users\евгений\documents\c++\program\1 vs\sfml learning\sfml20hub\classunit.cpp(104): warning C4244: аргумент: преобразование "float" в "int", возможна потеря данных
c:\users\евгений\documents\c++\program\1 vs\sfml learning\sfml20hub\classunit.cpp(109): warning C4244: аргумент: преобразование "float" в "int", возможна потеря данных
c:\users\евгений\documents\c++\program\1 vs\sfml learning\sfml20hub\classunit.cpp(135): warning C4244: аргумент: преобразование "float" в "int", возможна потеря данных
c:\users\евгений\documents\c++\program\1 vs\sfml learning\sfml20hub\classunit.cpp(139): warning C4244: аргумент: преобразование "float" в "int", возможна потеря данных
c:\users\евгений\documents\c++\program\1 vs\sfml learning\sfml20hub\classunit.cpp(167): warning C4244: аргумент: преобразование "float" в "int", возможна потеря данных
c:\users\евгений\documents\c++\program\1 vs\sfml learning\sfml20hub\classunit.cpp(171): warning C4244: аргумент: преобразование "float" в "int", возможна потеря данных
c:\users\евгений\documents\c++\program\1 vs\sfml learning\sfml20hub\classunit.cpp(179): warning C4244: аргумент: преобразование "float" в "int", возможна потеря данных
c:\users\евгений\documents\c++\program\1 vs\sfml learning\sfml20hub\classunit.cpp(183): warning C4244: аргумент: преобразование "float" в "int", возможна потеря данных
c:\users\евгений\documents\c++\program\1 vs\sfml learning\sfml20hub\classunit.cpp(202): warning C4244: аргумент: преобразование "float" в "int", возможна потеря данных
c:\users\евгений\documents\c++\program\1 vs\sfml learning\sfml20hub\classunit.cpp(206): warning C4244: аргумент: преобразование "float" в "int", возможна потеря данных
c:\users\евгений\documents\c++\program\1 vs\sfml learning\sfml20hub\classunit.cpp(256): warning C4244: =: преобразование "float" в "int", возможна потеря данных
  SFML20HUB.vcxproj -> C:\Users\Евгений\Documents\c++\program\1 VS\SFML learning\Debug\SFML20HUB.exe
  SFML20HUB.vcxproj -> C:\Users\Евгений\Documents\c++\program\1 VS\SFML learning\Debug\SFML20HUB.pdb (Partial PDB)
