C:\Program Files (x86)\MSBuild\Microsoft.Cpp\v4.0\V140\Microsoft.CppBuild.targets(392,5): warning MSB8028: The intermediate directory (Debug\) contains files shared from another project (SFML13HUB.vcxproj, SFML14HUB.vcxproj, SFML15HUB.vcxproj, SFML16HUB.vcxproj, SFML17HUB.vcxproj, SFML18HUB.vcxproj, SFML19HUB.vcxproj, SFML20HUB.vcxproj, SFML21HUB.vcxproj, SFML22HUB.vcxproj, SFML23HUB.vcxproj, SFML24HUB.vcxproj, SFML25HUB.vcxproj, SFML26HUB.vcxproj, SFML27HUB.vcxproj, SFML28HUB.vcxproj, SFML29HUB.vcxproj, SFML30HUB.vcxproj, SFML31HUB.vcxproj, SFML32HUB.vcxproj, SFML33HUB.vcxproj).  This can lead to incorrect clean and rebuild behavior.
  Interface.cpp
c:\users\евгений\documents\c++\program\1 vs\sfml learning\sfml34hub\interface.cpp(83): warning C4305: аргумент: усечение из "double" к "float"
c:\users\евгений\documents\c++\program\1 vs\sfml learning\sfml34hub\interface.cpp(89): warning C4305: аргумент: усечение из "double" к "float"
c:\users\евгений\documents\c++\program\1 vs\sfml learning\sfml34hub\interface.cpp(95): warning C4305: аргумент: усечение из "double" к "float"
c:\users\евгений\documents\c++\program\1 vs\sfml learning\sfml34hub\interface.cpp(101): warning C4305: аргумент: усечение из "double" к "float"
c:\users\евгений\documents\c++\program\1 vs\sfml learning\sfml34hub\interface.cpp(108): warning C4305: аргумент: усечение из "double" к "float"
c:\users\евгений\documents\c++\program\1 vs\sfml learning\sfml34hub\interface.cpp(113): warning C4305: аргумент: усечение из "double" к "float"
c:\users\евгений\documents\c++\program\1 vs\sfml learning\sfml34hub\interface.cpp(118): warning C4305: аргумент: усечение из "double" к "float"
c:\users\евгений\documents\c++\program\1 vs\sfml learning\sfml34hub\interface.cpp(124): warning C4305: аргумент: усечение из "double" к "float"
c:\users\евгений\documents\c++\program\1 vs\sfml learning\sfml34hub\interface.cpp(130): warning C4305: аргумент: усечение из "double" к "float"
c:\users\евгений\documents\c++\program\1 vs\sfml learning\sfml34hub\interface.cpp(155): warning C4244: аргумент: преобразование "double" в "float", возможна потеря данных
c:\users\евгений\documents\c++\program\1 vs\sfml learning\sfml34hub\interface.cpp(163): warning C4244: аргумент: преобразование "double" в "float", возможна потеря данных
c:\users\евгений\documents\c++\program\1 vs\sfml learning\sfml34hub\interface.cpp(168): warning C4244: аргумент: преобразование "double" в "float", возможна потеря данных
c:\users\евгений\documents\c++\program\1 vs\sfml learning\sfml34hub\interface.cpp(268): warning C4244: аргумент: преобразование "double" в "float", возможна потеря данных
c:\users\евгений\documents\c++\program\1 vs\sfml learning\sfml34hub\interface.cpp(273): warning C4244: аргумент: преобразование "double" в "float", возможна потеря данных
c:\users\евгений\documents\c++\program\1 vs\sfml learning\sfml34hub\interface.cpp(278): warning C4244: аргумент: преобразование "double" в "float", возможна потеря данных
c:\users\евгений\documents\c++\program\1 vs\sfml learning\sfml34hub\interface.cpp(283): warning C4244: аргумент: преобразование "double" в "float", возможна потеря данных
c:\users\евгений\documents\c++\program\1 vs\sfml learning\sfml34hub\interface.cpp(287): warning C4244: аргумент: преобразование "double" в "float", возможна потеря данных
c:\users\евгений\documents\c++\program\1 vs\sfml learning\sfml34hub\interface.cpp(289): warning C4244: аргумент: преобразование "double" в "float", возможна потеря данных
c:\users\евгений\documents\c++\program\1 vs\sfml learning\sfml34hub\interface.cpp(290): warning C4244: аргумент: преобразование "double" в "float", возможна потеря данных
c:\users\евгений\documents\c++\program\1 vs\sfml learning\sfml34hub\interface.cpp(315): warning C4244: аргумент: преобразование "double" в "float", возможна потеря данных
c:\users\евгений\documents\c++\program\1 vs\sfml learning\sfml34hub\interface.cpp(319): warning C4244: аргумент: преобразование "double" в "float", возможна потеря данных
c:\users\евгений\documents\c++\program\1 vs\sfml learning\sfml34hub\interface.cpp(323): warning C4244: аргумент: преобразование "double" в "float", возможна потеря данных
c:\users\евгений\documents\c++\program\1 vs\sfml learning\sfml34hub\interface.cpp(334): warning C4244: аргумент: преобразование "double" в "float", возможна потеря данных
c:\users\евгений\documents\c++\program\1 vs\sfml learning\sfml34hub\interface.cpp(392): warning C4305: аргумент: усечение из "double" к "float"
c:\users\евгений\documents\c++\program\1 vs\sfml learning\sfml34hub\interface.cpp(398): warning C4305: аргумент: усечение из "double" к "float"
c:\users\евгений\documents\c++\program\1 vs\sfml learning\sfml34hub\interface.cpp(404): warning C4305: аргумент: усечение из "double" к "float"
c:\users\евгений\documents\c++\program\1 vs\sfml learning\sfml34hub\interface.cpp(410): warning C4305: аргумент: усечение из "double" к "float"
c:\users\евгений\documents\c++\program\1 vs\sfml learning\sfml34hub\interface.cpp(417): warning C4305: аргумент: усечение из "double" к "float"
c:\users\евгений\documents\c++\program\1 vs\sfml learning\sfml34hub\interface.cpp(422): warning C4305: аргумент: усечение из "double" к "float"
c:\users\евгений\documents\c++\program\1 vs\sfml learning\sfml34hub\interface.cpp(432): warning C4244: аргумент: преобразование "double" в "float", возможна потеря данных
c:\users\евгений\documents\c++\program\1 vs\sfml learning\sfml34hub\interface.cpp(441): warning C4244: аргумент: преобразование "double" в "float", возможна потеря данных
c:\users\евгений\documents\c++\program\1 vs\sfml learning\sfml34hub\interface.cpp(448): warning C4244: аргумент: преобразование "double" в "float", возможна потеря данных
c:\users\евгений\documents\c++\program\1 vs\sfml learning\sfml34hub\interface.cpp(454): warning C4244: аргумент: преобразование "double" в "float", возможна потеря данных
c:\users\евгений\documents\c++\program\1 vs\sfml learning\sfml34hub\interface.cpp(554): warning C4244: аргумент: преобразование "double" в "float", возможна потеря данных
c:\users\евгений\documents\c++\program\1 vs\sfml learning\sfml34hub\interface.cpp(557): warning C4244: аргумент: преобразование "double" в "float", возможна потеря данных
c:\users\евгений\documents\c++\program\1 vs\sfml learning\sfml34hub\interface.cpp(559): warning C4244: аргумент: преобразование "double" в "float", возможна потеря данных
c:\users\евгений\documents\c++\program\1 vs\sfml learning\sfml34hub\interface.cpp(560): warning C4244: аргумент: преобразование "double" в "float", возможна потеря данных
c:\users\евгений\documents\c++\program\1 vs\sfml learning\sfml34hub\interface.cpp(583): warning C4244: аргумент: преобразование "double" в "float", возможна потеря данных
c:\users\евгений\documents\c++\program\1 vs\sfml learning\sfml34hub\interface.cpp(587): warning C4244: аргумент: преобразование "double" в "float", возможна потеря данных
c:\users\евгений\documents\c++\program\1 vs\sfml learning\sfml34hub\interface.cpp(591): warning C4244: аргумент: преобразование "double" в "float", возможна потеря данных
c:\users\евгений\documents\c++\program\1 vs\sfml learning\sfml34hub\interface.cpp(602): warning C4244: аргумент: преобразование "double" в "float", возможна потеря данных
c:\users\евгений\documents\c++\program\1 vs\sfml learning\sfml34hub\interface.cpp(639): warning C4305: аргумент: усечение из "double" к "float"
c:\users\евгений\documents\c++\program\1 vs\sfml learning\sfml34hub\interface.cpp(692): warning C4244: аргумент: преобразование "double" в "float", возможна потеря данных
c:\users\евгений\documents\c++\program\1 vs\sfml learning\sfml34hub\interface.cpp(713): warning C4305: аргумент: усечение из "double" к "float"
c:\users\евгений\documents\c++\program\1 vs\sfml learning\sfml34hub\interface.cpp(719): warning C4305: аргумент: усечение из "double" к "float"
c:\users\евгений\documents\c++\program\1 vs\sfml learning\sfml34hub\interface.cpp(725): warning C4305: аргумент: усечение из "double" к "float"
c:\users\евгений\documents\c++\program\1 vs\sfml learning\sfml34hub\interface.cpp(731): warning C4305: аргумент: усечение из "double" к "float"
c:\users\евгений\documents\c++\program\1 vs\sfml learning\sfml34hub\interface.cpp(744): warning C4244: аргумент: преобразование "double" в "float", возможна потеря данных
c:\users\евгений\documents\c++\program\1 vs\sfml learning\sfml34hub\interface.cpp(750): warning C4244: аргумент: преобразование "double" в "float", возможна потеря данных
c:\users\евгений\documents\c++\program\1 vs\sfml learning\sfml34hub\interface.cpp(756): warning C4244: аргумент: преобразование "double" в "float", возможна потеря данных
c:\users\евгений\documents\c++\program\1 vs\sfml learning\sfml34hub\interface.cpp(762): warning C4244: аргумент: преобразование "double" в "float", возможна потеря данных
c:\users\евгений\documents\c++\program\1 vs\sfml learning\sfml34hub\interface.cpp(768): warning C4244: аргумент: преобразование "double" в "float", возможна потеря данных
c:\users\евгений\documents\c++\program\1 vs\sfml learning\sfml34hub\interface.cpp(775): warning C4244: аргумент: преобразование "double" в "float", возможна потеря данных
c:\users\евгений\documents\c++\program\1 vs\sfml learning\sfml34hub\interface.cpp(782): warning C4244: аргумент: преобразование "double" в "float", возможна потеря данных
c:\users\евгений\documents\c++\program\1 vs\sfml learning\sfml34hub\interface.cpp(793): warning C4244: аргумент: преобразование "double" в "float", возможна потеря данных
c:\users\евгений\documents\c++\program\1 vs\sfml learning\sfml34hub\interface.cpp(796): warning C4244: аргумент: преобразование "double" в "float", возможна потеря данных
c:\users\евгений\documents\c++\program\1 vs\sfml learning\sfml34hub\interface.cpp(802): warning C4244: аргумент: преобразование "double" в "float", возможна потеря данных
c:\users\евгений\documents\c++\program\1 vs\sfml learning\sfml34hub\interface.cpp(805): warning C4244: аргумент: преобразование "double" в "float", возможна потеря данных
c:\users\евгений\documents\c++\program\1 vs\sfml learning\sfml34hub\interface.cpp(811): warning C4244: аргумент: преобразование "double" в "float", возможна потеря данных
c:\users\евгений\documents\c++\program\1 vs\sfml learning\sfml34hub\interface.cpp(814): warning C4244: аргумент: преобразование "double" в "float", возможна потеря данных
c:\users\евгений\documents\c++\program\1 vs\sfml learning\sfml34hub\interface.cpp(818): warning C4244: аргумент: преобразование "double" в "float", возможна потеря данных
  SFML34HUB.vcxproj -> C:\Users\Евгений\Documents\c++\program\1 VS\SFML learning\Debug\SFML34HUB.exe
  SFML34HUB.vcxproj -> C:\Users\Евгений\Documents\c++\program\1 VS\SFML learning\Debug\SFML34HUB.pdb (Partial PDB)
