C:\Program Files (x86)\MSBuild\Microsoft.Cpp\v4.0\V140\Microsoft.CppBuild.targets(392,5): warning MSB8028: The intermediate directory (Debug\) contains files shared from another project (SFML13HUB.vcxproj, SFML14HUB.vcxproj, SFML15HUB.vcxproj, SFML16HUB.vcxproj, SFML17HUB.vcxproj, SFML18HUB.vcxproj, SFML19HUB.vcxproj, SFML20HUB.vcxproj, SFML21HUB.vcxproj, SFML22HUB.vcxproj, SFML23HUB.vcxproj, SFML24HUB.vcxproj, SFML25HUB.vcxproj, SFML26HUB.vcxproj, SFML27HUB.vcxproj, SFML28HUB.vcxproj, SFML29HUB.vcxproj, SFML30HUB.vcxproj, SFML31HUB.vcxproj, SFML32HUB.vcxproj, SFML33HUB.vcxproj, SFML34HUB.vcxproj, SFML35HUB.vcxproj, SFML36HUB.vcxproj, SFML37HUB.vcxproj, SFML38HUB.vcxproj, SFML39HUB.vcxproj).  This can lead to incorrect clean and rebuild behavior.
  ClassPlayers.cpp
  Создание кода...
  Компиляция...
  Mission.cpp
c:\users\евгений\documents\c++\program\1 vs\sfml learning\sfml40hub\mission.cpp(50): warning C4244: аргумент: преобразование "double" в "float", возможна потеря данных
  GlobalFunctionMissiom.cpp
c:\users\евгений\documents\c++\program\1 vs\sfml learning\sfml40hub\globalfunctionmissiom.cpp(57): warning C4244: аргумент: преобразование "float" в "int", возможна потеря данных
c:\users\евгений\documents\c++\program\1 vs\sfml learning\sfml40hub\globalfunctionmissiom.cpp(99): warning C4244: аргумент: преобразование "float" в "int", возможна потеря данных
c:\users\евгений\documents\c++\program\1 vs\sfml learning\sfml40hub\globalfunctionmissiom.cpp(130): warning C4018: <: несоответствие типов со знаком и без знака
c:\users\евгений\documents\c++\program\1 vs\sfml learning\sfml40hub\globalfunctionmissiom.cpp(145): warning C4018: <: несоответствие типов со знаком и без знака
c:\users\евгений\documents\c++\program\1 vs\sfml learning\sfml40hub\globalfunctionmissiom.cpp(163): warning C4018: <: несоответствие типов со знаком и без знака
c:\users\евгений\documents\c++\program\1 vs\sfml learning\sfml40hub\globalfunctionmissiom.cpp(180): warning C4018: <: несоответствие типов со знаком и без знака
c:\users\евгений\documents\c++\program\1 vs\sfml learning\sfml40hub\globalfunctionmissiom.cpp(199): warning C4018: >: несоответствие типов со знаком и без знака
c:\users\евгений\documents\c++\program\1 vs\sfml learning\sfml40hub\globalfunctionmissiom.cpp(201): warning C4244: аргумент: преобразование "double" в "float", возможна потеря данных
c:\users\евгений\documents\c++\program\1 vs\sfml learning\sfml40hub\globalfunctionmissiom.cpp(204): warning C4244: аргумент: преобразование "double" в "float", возможна потеря данных
c:\users\евгений\documents\c++\program\1 vs\sfml learning\sfml40hub\globalfunctionmissiom.cpp(212): warning C4244: аргумент: преобразование "double" в "float", возможна потеря данных
c:\users\евгений\documents\c++\program\1 vs\sfml learning\sfml40hub\globalfunctionmissiom.cpp(215): warning C4244: аргумент: преобразование "double" в "float", возможна потеря данных
c:\users\евгений\documents\c++\program\1 vs\sfml learning\sfml40hub\globalfunctionmissiom.cpp(220): warning C4018: >: несоответствие типов со знаком и без знака
c:\users\евгений\documents\c++\program\1 vs\sfml learning\sfml40hub\globalfunctionmissiom.cpp(222): warning C4244: аргумент: преобразование "double" в "float", возможна потеря данных
c:\users\евгений\documents\c++\program\1 vs\sfml learning\sfml40hub\globalfunctionmissiom.cpp(225): warning C4244: аргумент: преобразование "double" в "float", возможна потеря данных
c:\users\евгений\documents\c++\program\1 vs\sfml learning\sfml40hub\globalfunctionmissiom.cpp(231): warning C4244: аргумент: преобразование "double" в "float", возможна потеря данных
c:\users\евгений\documents\c++\program\1 vs\sfml learning\sfml40hub\globalfunctionmissiom.cpp(234): warning C4244: аргумент: преобразование "double" в "float", возможна потеря данных
c:\users\евгений\documents\c++\program\1 vs\sfml learning\sfml40hub\globalfunctionmissiom.cpp(240): warning C4244: аргумент: преобразование "double" в "float", возможна потеря данных
c:\users\евгений\documents\c++\program\1 vs\sfml learning\sfml40hub\globalfunctionmissiom.cpp(243): warning C4244: аргумент: преобразование "double" в "float", возможна потеря данных
c:\users\евгений\documents\c++\program\1 vs\sfml learning\sfml40hub\globalfunctionmissiom.cpp(250): warning C4244: аргумент: преобразование "double" в "float", возможна потеря данных
c:\users\евгений\documents\c++\program\1 vs\sfml learning\sfml40hub\globalfunctionmissiom.cpp(253): warning C4244: аргумент: преобразование "double" в "float", возможна потеря данных
c:\users\евгений\documents\c++\program\1 vs\sfml learning\sfml40hub\globalfunctionmissiom.cpp(259): warning C4244: аргумент: преобразование "double" в "float", возможна потеря данных
c:\users\евгений\documents\c++\program\1 vs\sfml learning\sfml40hub\globalfunctionmissiom.cpp(262): warning C4244: аргумент: преобразование "double" в "float", возможна потеря данных
c:\users\евгений\documents\c++\program\1 vs\sfml learning\sfml40hub\globalfunctionmissiom.cpp(268): warning C4244: аргумент: преобразование "double" в "float", возможна потеря данных
c:\users\евгений\documents\c++\program\1 vs\sfml learning\sfml40hub\globalfunctionmissiom.cpp(271): warning C4244: аргумент: преобразование "double" в "float", возможна потеря данных
c:\users\евгений\documents\c++\program\1 vs\sfml learning\sfml40hub\globalfunctionmissiom.cpp(279): warning C4244: =: преобразование "int" в "float", возможна потеря данных
c:\users\евгений\documents\c++\program\1 vs\sfml learning\sfml40hub\globalfunctionmissiom.cpp(280): warning C4244: =: преобразование "int" в "float", возможна потеря данных
c:\users\евгений\documents\c++\program\1 vs\sfml learning\sfml40hub\globalfunctionmissiom.cpp(488): warning C4018: <: несоответствие типов со знаком и без знака
c:\users\евгений\documents\c++\program\1 vs\sfml learning\sfml40hub\globalfunctionmissiom.cpp(527): warning C4018: <: несоответствие типов со знаком и без знака
c:\users\евгений\documents\c++\program\1 vs\sfml learning\sfml40hub\globalfunctionmissiom.cpp(551): warning C4018: <: несоответствие типов со знаком и без знака
c:\users\евгений\documents\c++\program\1 vs\sfml learning\sfml40hub\globalfunctionmissiom.cpp(565): warning C4018: <: несоответствие типов со знаком и без знака
c:\users\евгений\documents\c++\program\1 vs\sfml learning\sfml40hub\globalfunctionmissiom.cpp(569): warning C4018: <: несоответствие типов со знаком и без знака
c:\users\евгений\documents\c++\program\1 vs\sfml learning\sfml40hub\globalfunctionmissiom.cpp(571): warning C4244: =: преобразование "int" в "float", возможна потеря данных
c:\users\евгений\documents\c++\program\1 vs\sfml learning\sfml40hub\globalfunctionmissiom.cpp(572): warning C4244: =: преобразование "int" в "float", возможна потеря данных
c:\users\евгений\documents\c++\program\1 vs\sfml learning\sfml40hub\globalfunctionmissiom.cpp(605): warning C4018: <: несоответствие типов со знаком и без знака
c:\users\евгений\documents\c++\program\1 vs\sfml learning\sfml40hub\globalfunctionmissiom.cpp(607): warning C4018: <: несоответствие типов со знаком и без знака
c:\users\евгений\documents\c++\program\1 vs\sfml learning\sfml40hub\globalfunctionmissiom.cpp(627): warning C4018: <: несоответствие типов со знаком и без знака
c:\users\евгений\documents\c++\program\1 vs\sfml learning\sfml40hub\globalfunctionmissiom.cpp(629): warning C4018: <: несоответствие типов со знаком и без знака
c:\users\евгений\documents\c++\program\1 vs\sfml learning\sfml40hub\globalfunctionmissiom.cpp(701): warning C4018: <: несоответствие типов со знаком и без знака
c:\users\евгений\documents\c++\program\1 vs\sfml learning\sfml40hub\globalfunctionmissiom.cpp(767): warning C4018: <: несоответствие типов со знаком и без знака
c:\users\евгений\documents\c++\program\1 vs\sfml learning\sfml40hub\globalfunctionmissiom.cpp(769): warning C4018: <: несоответствие типов со знаком и без знака
c:\users\евгений\documents\c++\program\1 vs\sfml learning\sfml40hub\globalfunctionmissiom.cpp(781): warning C4018: <: несоответствие типов со знаком и без знака
c:\users\евгений\documents\c++\program\1 vs\sfml learning\sfml40hub\globalfunctionmissiom.cpp(783): warning C4018: <: несоответствие типов со знаком и без знака
c:\users\евгений\documents\c++\program\1 vs\sfml learning\sfml40hub\globalfunctionmissiom.cpp(793): warning C4018: <: несоответствие типов со знаком и без знака
c:\users\евгений\documents\c++\program\1 vs\sfml learning\sfml40hub\globalfunctionmissiom.cpp(845): warning C4244: аргумент: преобразование "float" в "int", возможна потеря данных
c:\users\евгений\documents\c++\program\1 vs\sfml learning\sfml40hub\globalfunctionmissiom.cpp(852): warning C4244: аргумент: преобразование "float" в "int", возможна потеря данных
c:\users\евгений\documents\c++\program\1 vs\sfml learning\sfml40hub\globalfunctionmissiom.cpp(859): warning C4244: аргумент: преобразование "float" в "int", возможна потеря данных
c:\users\евгений\documents\c++\program\1 vs\sfml learning\sfml40hub\globalfunctionmissiom.cpp(866): warning C4244: аргумент: преобразование "float" в "int", возможна потеря данных
c:\users\евгений\documents\c++\program\1 vs\sfml learning\sfml40hub\globalfunctionmissiom.cpp(869): warning C4244: аргумент: преобразование "int" в "float", возможна потеря данных
c:\users\евгений\documents\c++\program\1 vs\sfml learning\sfml40hub\globalfunctionmissiom.cpp(882): warning C4244: аргумент: преобразование "int" в "float", возможна потеря данных
c:\users\евгений\documents\c++\program\1 vs\sfml learning\sfml40hub\globalfunctionmissiom.cpp(904): warning C4018: <: несоответствие типов со знаком и без знака
c:\users\евгений\documents\c++\program\1 vs\sfml learning\sfml40hub\globalfunctionmissiom.cpp(914): warning C4244: аргумент: преобразование "float" в "int", возможна потеря данных
c:\users\евгений\documents\c++\program\1 vs\sfml learning\sfml40hub\globalfunctionmissiom.cpp(918): warning C4244: аргумент: преобразование "float" в "int", возможна потеря данных
c:\users\евгений\documents\c++\program\1 vs\sfml learning\sfml40hub\globalfunctionmissiom.cpp(925): warning C4244: аргумент: преобразование "float" в "int", возможна потеря данных
c:\users\евгений\documents\c++\program\1 vs\sfml learning\sfml40hub\globalfunctionmissiom.cpp(933): warning C4244: аргумент: преобразование "float" в "int", возможна потеря данных
c:\users\евгений\documents\c++\program\1 vs\sfml learning\sfml40hub\globalfunctionmissiom.cpp(937): warning C4244: аргумент: преобразование "float" в "int", возможна потеря данных
c:\users\евгений\documents\c++\program\1 vs\sfml learning\sfml40hub\globalfunctionmissiom.cpp(946): warning C4018: <: несоответствие типов со знаком и без знака
c:\users\евгений\documents\c++\program\1 vs\sfml learning\sfml40hub\globalfunctionmissiom.cpp(955): warning C4244: аргумент: преобразование "float" в "int", возможна потеря данных
c:\users\евгений\documents\c++\program\1 vs\sfml learning\sfml40hub\globalfunctionmissiom.cpp(959): warning C4244: аргумент: преобразование "float" в "int", возможна потеря данных
c:\users\евгений\documents\c++\program\1 vs\sfml learning\sfml40hub\globalfunctionmissiom.cpp(965): warning C4244: аргумент: преобразование "float" в "int", возможна потеря данных
c:\users\евгений\documents\c++\program\1 vs\sfml learning\sfml40hub\globalfunctionmissiom.cpp(973): warning C4244: аргумент: преобразование "float" в "int", возможна потеря данных
c:\users\евгений\documents\c++\program\1 vs\sfml learning\sfml40hub\globalfunctionmissiom.cpp(977): warning C4244: аргумент: преобразование "float" в "int", возможна потеря данных
c:\users\евгений\documents\c++\program\1 vs\sfml learning\sfml40hub\globalfunctionmissiom.cpp(984): warning C4018: <: несоответствие типов со знаком и без знака
c:\users\евгений\documents\c++\program\1 vs\sfml learning\sfml40hub\globalfunctionmissiom.cpp(992): warning C4018: <: несоответствие типов со знаком и без знака
c:\users\евгений\documents\c++\program\1 vs\sfml learning\sfml40hub\globalfunctionmissiom.cpp(997): warning C4018: <: несоответствие типов со знаком и без знака
c:\users\евгений\documents\c++\program\1 vs\sfml learning\sfml40hub\globalfunctionmissiom.cpp(1006): warning C4018: <: несоответствие типов со знаком и без знака
c:\users\евгений\documents\c++\program\1 vs\sfml learning\sfml40hub\globalfunctionmissiom.cpp(1011): warning C4018: <: несоответствие типов со знаком и без знака
c:\users\евгений\documents\c++\program\1 vs\sfml learning\sfml40hub\globalfunctionmissiom.cpp(1101): warning C4018: <: несоответствие типов со знаком и без знака
c:\users\евгений\documents\c++\program\1 vs\sfml learning\sfml40hub\globalfunctionmissiom.cpp(1213): warning C4018: <: несоответствие типов со знаком и без знака
c:\users\евгений\documents\c++\program\1 vs\sfml learning\sfml40hub\globalfunctionmissiom.cpp(1261): warning C4018: <: несоответствие типов со знаком и без знака
c:\users\евгений\documents\c++\program\1 vs\sfml learning\sfml40hub\globalfunctionmissiom.cpp(1288): warning C4018: <: несоответствие типов со знаком и без знака
c:\users\евгений\documents\c++\program\1 vs\sfml learning\sfml40hub\globalfunctionmissiom.cpp(1301): warning C4018: <: несоответствие типов со знаком и без знака
  ClassTile.cpp
c:\users\евгений\documents\c++\program\1 vs\sfml learning\sfml40hub\classtile.cpp(11): warning C4305: =: усечение из "double" к "float"
c:\users\евгений\documents\c++\program\1 vs\sfml learning\sfml40hub\classtile.cpp(45): warning C4244: =: преобразование "int" в "float", возможна потеря данных
c:\users\евгений\documents\c++\program\1 vs\sfml learning\sfml40hub\classtile.cpp(46): warning C4244: =: преобразование "int" в "float", возможна потеря данных
c:\users\евгений\documents\c++\program\1 vs\sfml learning\sfml40hub\classtile.cpp(101): warning C4244: return: преобразование "int" в "float", возможна потеря данных
c:\users\евгений\documents\c++\program\1 vs\sfml learning\sfml40hub\classtile.cpp(106): warning C4244: return: преобразование "int" в "float", возможна потеря данных
c:\users\евгений\documents\c++\program\1 vs\sfml learning\sfml40hub\classtile.cpp(111): warning C4244: return: преобразование "int" в "float", возможна потеря данных
  Создание кода...
c:\users\евгений\documents\c++\program\1 vs\sfml learning\sfml40hub\globalfunctionmissiom.cpp(1066): warning C4715: Generation_Rand_name: значение возвращается не при всех путях выполнения
  Пропуск... (изменения не обнаружены)
  Interface.cpp
  HubMain.cpp
  ClassUnit.cpp
  SFML40HUB.vcxproj -> C:\Users\Евгений\Documents\c++\program\1 VS\SFML learning\Debug\SFML40HUB.exe
  SFML40HUB.vcxproj -> C:\Users\Евгений\Documents\c++\program\1 VS\SFML learning\Debug\SFML40HUB.pdb (Partial PDB)
