  ClassPlayer.cpp
  ClassTile.cpp
ClassTile.cpp(12): warning C4305: =: усечение из "double" к "float"
ClassTile.cpp(47): warning C4244: =: преобразование "int" в "float", возможна потеря данных
ClassTile.cpp(48): warning C4244: =: преобразование "int" в "float", возможна потеря данных
  HubMain.cpp
HubMain.cpp(37): warning C4244: инициализация: преобразование "sf::Int64" в "float", возможна потеря данных
  HUBSource.cpp
HUBSource.cpp(20): warning C4244: =: преобразование "float" в "int", возможна потеря данных
HUBSource.cpp(21): warning C4244: =: преобразование "float" в "int", возможна потеря данных
HUBSource.cpp(23): warning C4305: =: усечение из "double" к "float"
HUBSource.cpp(25): warning C4305: =: усечение из "double" к "float"
HUBSource.cpp(35): warning C4244: аргумент: преобразование "float" в "int", возможна потеря данных
HUBSource.cpp(146): warning C4244: аргумент: преобразование "float" в "int", возможна потеря данных
HUBSource.cpp(160): warning C4244: аргумент: преобразование "float" в "int", возможна потеря данных
HUBSource.cpp(194): warning C4018: <: несоответствие типов со знаком и без знака
HUBSource.cpp(211): warning C4018: <: несоответствие типов со знаком и без знака
HUBSource.cpp(227): warning C4018: >: несоответствие типов со знаком и без знака
HUBSource.cpp(229): warning C4244: аргумент: преобразование "double" в "float", возможна потеря данных
HUBSource.cpp(232): warning C4244: аргумент: преобразование "double" в "float", возможна потеря данных
HUBSource.cpp(237): warning C4018: >: несоответствие типов со знаком и без знака
HUBSource.cpp(239): warning C4244: аргумент: преобразование "double" в "float", возможна потеря данных
HUBSource.cpp(242): warning C4244: аргумент: преобразование "double" в "float", возможна потеря данных
HUBSource.cpp(248): warning C4244: аргумент: преобразование "double" в "float", возможна потеря данных
HUBSource.cpp(251): warning C4244: аргумент: преобразование "double" в "float", возможна потеря данных
HUBSource.cpp(258): warning C4244: аргумент: преобразование "double" в "float", возможна потеря данных
HUBSource.cpp(261): warning C4244: аргумент: преобразование "double" в "float", возможна потеря данных
HUBSource.cpp(270): warning C4244: =: преобразование "double" в "int", возможна потеря данных
HUBSource.cpp(285): warning C4244: =: преобразование "double" в "int", возможна потеря данных
HUBSource.cpp(335): warning C4018: <: несоответствие типов со знаком и без знака
HUBSource.cpp(338): warning C4244: аргумент: преобразование "float" в "int", возможна потеря данных
HUBSource.cpp(346): warning C4018: <: несоответствие типов со знаком и без знака
HUBSource.cpp(348): warning C4018: <: несоответствие типов со знаком и без знака
HUBSource.cpp(397): warning C4018: <: несоответствие типов со знаком и без знака
HUBSource.cpp(403): warning C4018: <: несоответствие типов со знаком и без знака
HUBSource.cpp(413): warning C4018: <: несоответствие типов со знаком и без знака
HUBSource.cpp(481): warning C4244: аргумент: преобразование "int" в "float", возможна потеря данных
HUBSource.cpp(482): warning C4244: аргумент: преобразование "int" в "float", возможна потеря данных
HUBSource.cpp(498): warning C4018: <: несоответствие типов со знаком и без знака
HUBSource.cpp(505): warning C4244: аргумент: преобразование "float" в "int", возможна потеря данных
HUBSource.cpp(510): warning C4018: <: несоответствие типов со знаком и без знака
HUBSource.cpp(517): warning C4018: <: несоответствие типов со знаком и без знака
  Создание кода
  79 of 220 functions (35.9%) were compiled, the rest were copied from previous compilation.
    0 functions were new in current compilation
    33 functions had inline decision re-evaluated but remain unchanged
  Создание кода завершено
  SFML11HUB.vcxproj -> C:\Users\Евгений\Documents\c++\program\1 VS\SFML learning\Release\SFML11HUB.exe
  SFML11HUB.vcxproj -> C:\Users\Евгений\Documents\c++\program\1 VS\SFML learning\Release\SFML11HUB.pdb (Full PDB)
